[ 2016-11-23T20:38:20+08:00 ] 127.0.0.1 /index.php?s=/Home/Public/signVSuccess.html
INFO: [ app_init ] --START--
INFO: Run Behavior\BuildLiteBehavior [ RunTime:0.000000s ]
INFO: Run Common\Behavior\InitHookBehavior [ RunTime:0.001000s ]
INFO: [ app_init ] --END-- [ RunTime:0.001000s ]
INFO: [ app_begin ] --START--
INFO: Run Behavior\ReadHtmlCacheBehavior [ RunTime:0.001000s ]
INFO: [ app_begin ] --END-- [ RunTime:0.001000s ]
SQL: SHOW COLUMNS FROM `dk_students` [ RunTime:0.0020s ]
SQL: SHOW COLUMNS FROM `dk_subjects` [ RunTime:0.0010s ]
SQL: SHOW COLUMNS FROM `dk_teachers` [ RunTime:0.0010s ]
SQL: SHOW COLUMNS FROM `dk_vote_record` [ RunTime:0.0010s ]
SQL: INSERT INTO `dk_vote_record` (`vote_id`,`user_id`) VALUES ('1','229') [ RunTime:0.0000s ]
SQL: SELECT `subject_name` FROM `dk_subjects` WHERE `id` = 0 LIMIT 1   [ RunTime:0.0000s ]
SQL: SELECT `teacher_name` FROM `dk_teachers` WHERE `id` = 0 LIMIT 1   [ RunTime:0.0010s ]
NOTIC: [2] date() expects parameter 2 to be long, string given E:\phpStudy\WWW\ydEMBA\Application\Home\Controller\PublicController.class.php 第 155 行.
NOTIC: [2] strtotime() expects parameter 2 to be long, string given E:\phpStudy\WWW\ydEMBA\Application\Home\Controller\PublicController.class.php 第 156 行.
INFO: [ view_parse ] --START--
INFO: [ template_filter ] --START--
INFO: Run Behavior\ContentReplaceBehavior [ RunTime:0.000000s ]
INFO: [ template_filter ] --END-- [ RunTime:0.000000s ]
INFO: Run Behavior\ParseTemplateBehavior [ RunTime:0.010000s ]
INFO: [ view_parse ] --END-- [ RunTime:0.010000s ]
INFO: [ view_filter ] --START--
INFO: Run Behavior\WriteHtmlCacheBehavior [ RunTime:0.000000s ]
INFO: [ view_filter ] --END-- [ RunTime:0.001000s ]
INFO: [ app_end ] --START--
INFO: Run Behavior\ShowPageTraceBehavior [ RunTime:0.000000s ]
INFO: [ app_end ] --END-- [ RunTime:0.000000s ]

[ 2016-11-23T20:44:41+08:00 ] 127.0.0.1 /index.php?s=/Home/Public/signVSuccess.html
INFO: [ app_init ] --START--
INFO: Run Behavior\BuildLiteBehavior [ RunTime:0.000000s ]
INFO: Run Common\Behavior\InitHookBehavior [ RunTime:0.002000s ]
INFO: [ app_init ] --END-- [ RunTime:0.003001s ]
INFO: [ app_begin ] --START--
INFO: Run Behavior\ReadHtmlCacheBehavior [ RunTime:0.001000s ]
INFO: [ app_begin ] --END-- [ RunTime:0.001000s ]
SQL: SHOW COLUMNS FROM `dk_students` [ RunTime:0.0020s ]
SQL: SHOW COLUMNS FROM `dk_subjects` [ RunTime:0.0010s ]
SQL: SHOW COLUMNS FROM `dk_teachers` [ RunTime:0.0010s ]
SQL: SHOW COLUMNS FROM `dk_vote_record` [ RunTime:0.0010s ]
SQL: INSERT INTO `dk_vote_record` (`vote_id`,`user_id`) VALUES ('1','229') [ RunTime:0.0010s ]
SQL: SELECT `subject_name` FROM `dk_subjects` WHERE `id` = 0 LIMIT 1   [ RunTime:0.0010s ]
SQL: SELECT `teacher_name` FROM `dk_teachers` WHERE `id` = 0 LIMIT 1   [ RunTime:0.0000s ]
NOTIC: [2] date() expects parameter 2 to be long, string given E:\phpStudy\WWW\ydEMBA\Application\Home\Controller\PublicController.class.php 第 155 行.
NOTIC: [2] strtotime() expects parameter 2 to be long, string given E:\phpStudy\WWW\ydEMBA\Application\Home\Controller\PublicController.class.php 第 156 行.
INFO: [ view_parse ] --START--
INFO: [ template_filter ] --START--
INFO: Run Behavior\ContentReplaceBehavior [ RunTime:0.000000s ]
INFO: [ template_filter ] --END-- [ RunTime:0.000000s ]
INFO: Run Behavior\ParseTemplateBehavior [ RunTime:0.019001s ]
INFO: [ view_parse ] --END-- [ RunTime:0.019001s ]
INFO: [ view_filter ] --START--
INFO: Run Behavior\WriteHtmlCacheBehavior [ RunTime:0.000000s ]
INFO: [ view_filter ] --END-- [ RunTime:0.001000s ]
INFO: [ app_end ] --START--
INFO: Run Behavior\ShowPageTraceBehavior [ RunTime:0.001000s ]
INFO: [ app_end ] --END-- [ RunTime:0.001000s ]

[ 2016-11-23T20:49:55+08:00 ] 127.0.0.1 /index.php?s=/Home/Public/signVSuccess.html
INFO: [ app_init ] --START--
INFO: Run Behavior\BuildLiteBehavior [ RunTime:0.000000s ]
INFO: Run Common\Behavior\InitHookBehavior [ RunTime:0.002000s ]
INFO: [ app_init ] --END-- [ RunTime:0.003000s ]
INFO: [ app_begin ] --START--
INFO: Run Behavior\ReadHtmlCacheBehavior [ RunTime:0.001001s ]
INFO: [ app_begin ] --END-- [ RunTime:0.001001s ]

[ 2016-11-23T20:52:00+08:00 ] 127.0.0.1 /index.php?s=/Home/Public/signVSuccess.html
INFO: [ app_init ] --START--
INFO: Run Behavior\BuildLiteBehavior [ RunTime:0.000000s ]
INFO: Run Common\Behavior\InitHookBehavior [ RunTime:0.002000s ]
INFO: [ app_init ] --END-- [ RunTime:0.003000s ]
INFO: [ app_begin ] --START--
INFO: Run Behavior\ReadHtmlCacheBehavior [ RunTime:0.003000s ]
INFO: [ app_begin ] --END-- [ RunTime:0.003000s ]
SQL: SHOW COLUMNS FROM `dk_students` [ RunTime:0.0020s ]
SQL: SHOW COLUMNS FROM `dk_subjects` [ RunTime:0.0010s ]
SQL: SHOW COLUMNS FROM `dk_teachers` [ RunTime:0.0020s ]
SQL: SHOW COLUMNS FROM `dk_vote_record` [ RunTime:0.0010s ]
SQL: INSERT INTO `dk_vote_record` (`vote_id`,`user_id`) VALUES ('1','229') [ RunTime:0.0020s ]
SQL: SELECT `subject_name` FROM `dk_subjects` WHERE `id` = 0 LIMIT 1   [ RunTime:0.0020s ]
SQL: SELECT `teacher_name` FROM `dk_teachers` WHERE `id` = 0 LIMIT 1   [ RunTime:0.0010s ]
NOTIC: [2] date() expects parameter 2 to be long, string given E:\phpStudy\WWW\ydEMBA\Application\Home\Controller\PublicController.class.php 第 155 行.
NOTIC: [2] strtotime() expects parameter 2 to be long, string given E:\phpStudy\WWW\ydEMBA\Application\Home\Controller\PublicController.class.php 第 156 行.
INFO: [ view_parse ] --START--
INFO: [ template_filter ] --START--
INFO: Run Behavior\ContentReplaceBehavior [ RunTime:0.000000s ]
INFO: [ template_filter ] --END-- [ RunTime:0.000000s ]
INFO: Run Behavior\ParseTemplateBehavior [ RunTime:0.025001s ]
INFO: [ view_parse ] --END-- [ RunTime:0.025001s ]
INFO: [ view_filter ] --START--
INFO: Run Behavior\WriteHtmlCacheBehavior [ RunTime:0.001000s ]
INFO: [ view_filter ] --END-- [ RunTime:0.001000s ]
INFO: [ app_end ] --START--
INFO: Run Behavior\ShowPageTraceBehavior [ RunTime:0.002000s ]
INFO: [ app_end ] --END-- [ RunTime:0.003000s ]

[ 2016-11-23T20:52:54+08:00 ] 127.0.0.1 /index.php?s=/Home/Public/signVSuccess.html
INFO: [ app_init ] --START--
INFO: Run Behavior\BuildLiteBehavior [ RunTime:0.001000s ]
INFO: Run Common\Behavior\InitHookBehavior [ RunTime:0.001000s ]
INFO: [ app_init ] --END-- [ RunTime:0.002000s ]
INFO: [ app_begin ] --START--
INFO: Run Behavior\ReadHtmlCacheBehavior [ RunTime:0.000000s ]
INFO: [ app_begin ] --END-- [ RunTime:0.001000s ]
SQL: SHOW COLUMNS FROM `dk_students` [ RunTime:0.0010s ]
SQL: SHOW COLUMNS FROM `dk_subjects` [ RunTime:0.0010s ]
SQL: SHOW COLUMNS FROM `dk_teachers` [ RunTime:0.0010s ]
SQL: SHOW COLUMNS FROM `dk_vote_record` [ RunTime:0.0010s ]
SQL: INSERT INTO `dk_vote_record` (`vote_id`,`user_id`) VALUES ('1','229') [ RunTime:0.0010s ]
SQL: SELECT `subject_name` FROM `dk_subjects` WHERE `id` = 0 LIMIT 1   [ RunTime:0.0010s ]
SQL: SELECT `teacher_name` FROM `dk_teachers` WHERE `id` = 0 LIMIT 1   [ RunTime:0.0000s ]
NOTIC: [2] date() expects parameter 2 to be long, string given E:\phpStudy\WWW\ydEMBA\Application\Home\Controller\PublicController.class.php 第 155 行.
NOTIC: [2] strtotime() expects parameter 2 to be long, string given E:\phpStudy\WWW\ydEMBA\Application\Home\Controller\PublicController.class.php 第 156 行.
INFO: [ view_parse ] --START--
INFO: [ template_filter ] --START--
INFO: Run Behavior\ContentReplaceBehavior [ RunTime:0.000000s ]
INFO: [ template_filter ] --END-- [ RunTime:0.000000s ]
INFO: Run Behavior\ParseTemplateBehavior [ RunTime:0.009000s ]
INFO: [ view_parse ] --END-- [ RunTime:0.009000s ]
INFO: [ view_filter ] --START--
INFO: Run Behavior\WriteHtmlCacheBehavior [ RunTime:0.000000s ]
INFO: [ view_filter ] --END-- [ RunTime:0.000000s ]
INFO: [ app_end ] --START--
INFO: Run Behavior\ShowPageTraceBehavior [ RunTime:0.001000s ]
INFO: [ app_end ] --END-- [ RunTime:0.001000s ]

[ 2016-11-23T20:52:55+08:00 ] 127.0.0.1 /index.php?s=/Home/Public/signVSuccess.html
INFO: [ app_init ] --START--
INFO: Run Behavior\BuildLiteBehavior [ RunTime:0.000000s ]
INFO: Run Common\Behavior\InitHookBehavior [ RunTime:0.001000s ]
INFO: [ app_init ] --END-- [ RunTime:0.001000s ]
INFO: [ app_begin ] --START--
INFO: Run Behavior\ReadHtmlCacheBehavior [ RunTime:0.000000s ]
INFO: [ app_begin ] --END-- [ RunTime:0.000000s ]
SQL: SHOW COLUMNS FROM `dk_students` [ RunTime:0.0010s ]
SQL: SHOW COLUMNS FROM `dk_subjects` [ RunTime:0.0010s ]
SQL: SHOW COLUMNS FROM `dk_teachers` [ RunTime:0.0010s ]
SQL: SHOW COLUMNS FROM `dk_vote_record` [ RunTime:0.0010s ]
SQL: INSERT INTO `dk_vote_record` (`vote_id`,`user_id`) VALUES ('1','229') [ RunTime:0.0010s ]
SQL: SELECT `subject_name` FROM `dk_subjects` WHERE `id` = 0 LIMIT 1   [ RunTime:0.0000s ]
SQL: SELECT `teacher_name` FROM `dk_teachers` WHERE `id` = 0 LIMIT 1   [ RunTime:0.0010s ]
NOTIC: [2] date() expects parameter 2 to be long, string given E:\phpStudy\WWW\ydEMBA\Application\Home\Controller\PublicController.class.php 第 155 行.
NOTIC: [2] strtotime() expects parameter 2 to be long, string given E:\phpStudy\WWW\ydEMBA\Application\Home\Controller\PublicController.class.php 第 156 行.
INFO: [ view_parse ] --START--
INFO: [ template_filter ] --START--
INFO: Run Behavior\ContentReplaceBehavior [ RunTime:0.000000s ]
INFO: [ template_filter ] --END-- [ RunTime:0.000000s ]
INFO: Run Behavior\ParseTemplateBehavior [ RunTime:0.006000s ]
INFO: [ view_parse ] --END-- [ RunTime:0.006000s ]
INFO: [ view_filter ] --START--
INFO: Run Behavior\WriteHtmlCacheBehavior [ RunTime:0.000000s ]
INFO: [ view_filter ] --END-- [ RunTime:0.000000s ]
INFO: [ app_end ] --START--
INFO: Run Behavior\ShowPageTraceBehavior [ RunTime:0.001000s ]
INFO: [ app_end ] --END-- [ RunTime:0.001000s ]

[ 2016-11-23T20:52:55+08:00 ] 127.0.0.1 /index.php?s=/Home/Public/signVSuccess.html
INFO: [ app_init ] --START--
INFO: Run Behavior\BuildLiteBehavior [ RunTime:0.000000s ]
INFO: Run Common\Behavior\InitHookBehavior [ RunTime:0.002000s ]
INFO: [ app_init ] --END-- [ RunTime:0.003000s ]
INFO: [ app_begin ] --START--
INFO: Run Behavior\ReadHtmlCacheBehavior [ RunTime:0.001000s ]
INFO: [ app_begin ] --END-- [ RunTime:0.001000s ]
SQL: SHOW COLUMNS FROM `dk_students` [ RunTime:0.0020s ]
SQL: SHOW COLUMNS FROM `dk_subjects` [ RunTime:0.0020s ]
SQL: SHOW COLUMNS FROM `dk_teachers` [ RunTime:0.0020s ]
SQL: SHOW COLUMNS FROM `dk_vote_record` [ RunTime:0.0010s ]
SQL: INSERT INTO `dk_vote_record` (`vote_id`,`user_id`) VALUES ('1','229') [ RunTime:0.0010s ]
SQL: SELECT `subject_name` FROM `dk_subjects` WHERE `id` = 0 LIMIT 1   [ RunTime:0.0000s ]
SQL: SELECT `teacher_name` FROM `dk_teachers` WHERE `id` = 0 LIMIT 1   [ RunTime:0.0020s ]
NOTIC: [2] date() expects parameter 2 to be long, string given E:\phpStudy\WWW\ydEMBA\Application\Home\Controller\PublicController.class.php 第 155 行.
NOTIC: [2] strtotime() expects parameter 2 to be long, string given E:\phpStudy\WWW\ydEMBA\Application\Home\Controller\PublicController.class.php 第 156 行.
INFO: [ view_parse ] --START--
INFO: [ template_filter ] --START--
INFO: Run Behavior\ContentReplaceBehavior [ RunTime:0.000000s ]
INFO: [ template_filter ] --END-- [ RunTime:0.001000s ]
INFO: Run Behavior\ParseTemplateBehavior [ RunTime:0.010001s ]
INFO: [ view_parse ] --END-- [ RunTime:0.010001s ]
INFO: [ view_filter ] --START--
INFO: Run Behavior\WriteHtmlCacheBehavior [ RunTime:0.000000s ]
INFO: [ view_filter ] --END-- [ RunTime:0.000000s ]
INFO: [ app_end ] --START--
INFO: Run Behavior\ShowPageTraceBehavior [ RunTime:0.001000s ]
INFO: [ app_end ] --END-- [ RunTime:0.001000s ]

