[ 2016-11-28T19:14:08+08:00 ] 127.0.0.1 /admin.php?s=/Sign/edit/student_no/20110888/class_hour_id/78.html
INFO: [ app_init ] --START--
INFO: Run Behavior\BuildLiteBehavior [ RunTime:0.000000s ]
INFO: Run Common\Behavior\InitHookBehavior [ RunTime:0.005000s ]
INFO: [ app_init ] --END-- [ RunTime:0.006000s ]
INFO: [ app_begin ] --START--
INFO: Run Behavior\ReadHtmlCacheBehavior [ RunTime:0.002000s ]
INFO: [ app_begin ] --END-- [ RunTime:0.002000s ]

[ 2016-11-28T19:14:08+08:00 ] 127.0.0.1 /admin.php?s=/Public/login.html
INFO: [ app_init ] --START--
INFO: Run Behavior\BuildLiteBehavior [ RunTime:0.000000s ]
INFO: Run Common\Behavior\InitHookBehavior [ RunTime:0.001000s ]
INFO: [ app_init ] --END-- [ RunTime:0.002000s ]
INFO: [ app_begin ] --START--
INFO: Run Behavior\ReadHtmlCacheBehavior [ RunTime:0.000000s ]
INFO: [ app_begin ] --END-- [ RunTime:0.000000s ]
INFO: [ view_parse ] --START--
INFO: [ template_filter ] --START--
INFO: Run Behavior\ContentReplaceBehavior [ RunTime:0.000000s ]
INFO: [ template_filter ] --END-- [ RunTime:0.000000s ]
INFO: Run Behavior\ParseTemplateBehavior [ RunTime:0.016001s ]
INFO: [ view_parse ] --END-- [ RunTime:0.016001s ]
INFO: [ view_filter ] --START--
INFO: Run Behavior\WriteHtmlCacheBehavior [ RunTime:0.001000s ]
INFO: [ view_filter ] --END-- [ RunTime:0.001000s ]
INFO: [ app_end ] --START--
INFO: Run Behavior\ShowPageTraceBehavior [ RunTime:0.001000s ]
INFO: [ app_end ] --END-- [ RunTime:0.001000s ]

[ 2016-11-28T19:14:08+08:00 ] 127.0.0.1 /admin.php?s=/Public/verify.html
INFO: [ app_init ] --START--
INFO: Run Behavior\BuildLiteBehavior [ RunTime:0.000000s ]
INFO: Run Common\Behavior\InitHookBehavior [ RunTime:0.001000s ]
INFO: [ app_init ] --END-- [ RunTime:0.002000s ]
INFO: [ app_begin ] --START--
INFO: Run Behavior\ReadHtmlCacheBehavior [ RunTime:0.001000s ]
INFO: [ app_begin ] --END-- [ RunTime:0.001000s ]
INFO: [ app_end ] --START--
INFO: Run Behavior\ShowPageTraceBehavior [ RunTime:0.001000s ]
INFO: [ app_end ] --END-- [ RunTime:0.001000s ]

[ 2016-11-28T19:14:15+08:00 ] 127.0.0.1 /admin.php?s=/Public/login.html
INFO: [ app_init ] --START--
INFO: Run Behavior\BuildLiteBehavior [ RunTime:0.000000s ]
INFO: Run Common\Behavior\InitHookBehavior [ RunTime:0.002000s ]
INFO: [ app_init ] --END-- [ RunTime:0.002000s ]
INFO: [ app_begin ] --START--
INFO: Run Behavior\ReadHtmlCacheBehavior [ RunTime:0.001000s ]
INFO: [ app_begin ] --END-- [ RunTime:0.001000s ]
NOTIC: [8] Undefined index: lite E:\phpStudy\WWW\ydEMBA\ThinkPHP\Library\Think\Db.class.php 第 37 行.
SQL: SHOW COLUMNS FROM `dk_member` [ RunTime:0.1300s ]
SQL: SELECT `uid`,`nickname`,`sex`,`birthday`,`qq`,`score`,`login`,`reg_ip`,`reg_time`,`last_login_ip`,`last_login_time`,`status` FROM `dk_member` WHERE `uid` = 1 LIMIT 1   [ RunTime:0.1220s ]
SQL: SHOW COLUMNS FROM `dk_action` [ RunTime:0.1170s ]
SQL: SELECT * FROM `dk_action` WHERE `name` = 'user_login' LIMIT 1   [ RunTime:0.1170s ]
SQL: SHOW COLUMNS FROM `dk_action_log` [ RunTime:0.1330s ]
SQL: INSERT INTO `dk_action_log` (`action_id`,`user_id`,`action_ip`,`model`,`record_id`,`create_time`,`remark`) VALUES ('1','1','2130706433','member','1','1480331652','admin在2016-11-28 19:14登录了后台') [ RunTime:0.1280s ]
SQL: SELECT * FROM `dk_action` WHERE `name` = 'user_login' LIMIT 1   [ RunTime:0.1310s ]
NOTIC: [8] Undefined offset: 1 E:\phpStudy\WWW\ydEMBA\Application\Common\Common\function.php 第 687 行.
NOTIC: [2] array_key_exists() expects parameter 2 to be array, null given E:\phpStudy\WWW\ydEMBA\Application\Common\Common\function.php 第 687 行.
SQL: SELECT COUNT(*) AS tp_count FROM `dk_action_log` WHERE `action_id` = 1 AND `user_id` = 1 AND `create_time` > 1480245252 LIMIT 1   [ RunTime:0.1320s ]
SQL: SHOW COLUMNS FROM `dk_member` [ RunTime:0.1330s ]
SQL: UPDATE `dk_member` SET `score`=score+10 WHERE ( uid=1 AND status>-1 ) [ RunTime:0.1320s ]
SQL: UPDATE `dk_member` SET `login`=`login`+1,`last_login_time`='1480331652',`last_login_ip`='2130706433' WHERE `uid` = 1 [ RunTime:0.1330s ]

[ 2016-11-28T19:14:17+08:00 ] 127.0.0.1 /admin.php?s=/Index/index.html
INFO: [ app_init ] --START--
INFO: Run Behavior\BuildLiteBehavior [ RunTime:0.000000s ]
INFO: Run Common\Behavior\InitHookBehavior [ RunTime:0.001000s ]
INFO: [ app_init ] --END-- [ RunTime:0.001000s ]
INFO: [ app_begin ] --START--
INFO: Run Behavior\ReadHtmlCacheBehavior [ RunTime:0.000000s ]
INFO: [ app_begin ] --END-- [ RunTime:0.000000s ]
SQL: SHOW COLUMNS FROM `dk_menu` [ RunTime:0.1350s ]
SQL: SELECT `id`,`title`,`url` FROM `dk_menu` WHERE `pid` = 0 AND `hide` = 0 ORDER BY sort asc  [ RunTime:0.1370s ]
SQL: SELECT `pid` FROM `dk_menu` WHERE ( pid !=0 AND url like '%Index/index%' ) LIMIT 1   [ RunTime:0.1220s ]

[ 2016-11-28T19:14:19+08:00 ] 127.0.0.1 /admin.php?s=/Teachers/index.html
INFO: [ app_init ] --START--
INFO: Run Behavior\BuildLiteBehavior [ RunTime:0.000000s ]
INFO: Run Common\Behavior\InitHookBehavior [ RunTime:0.002000s ]
INFO: [ app_init ] --END-- [ RunTime:0.002000s ]
INFO: [ app_begin ] --START--
INFO: Run Behavior\ReadHtmlCacheBehavior [ RunTime:0.001000s ]
INFO: [ app_begin ] --END-- [ RunTime:0.001000s ]
SQL: SHOW COLUMNS FROM `dk_menu` [ RunTime:0.1240s ]
SQL: SELECT `id`,`title`,`url` FROM `dk_menu` WHERE `pid` = 0 AND `hide` = 0 ORDER BY sort asc  [ RunTime:0.1330s ]
SQL: SELECT `pid` FROM `dk_menu` WHERE ( pid !=0 AND url like '%Teachers/index%' ) LIMIT 1   [ RunTime:0.1360s ]
SQL: SELECT * FROM `dk_menu` WHERE `id` = 124 LIMIT 1   [ RunTime:0.1370s ]
SQL: SELECT DISTINCT  `group` FROM `dk_menu` WHERE `group` <> '' AND `pid` = 124  [ RunTime:0.1350s ]
SQL: SELECT `id`,`url` FROM `dk_menu` WHERE `pid` = 124 AND `hide` = 0  [ RunTime:0.1390s ]
SQL: SELECT `id`,`pid`,`title`,`url`,`tip` FROM `dk_menu` WHERE `group` = '用户管理' AND `pid` = 124 AND `hide` = 0 ORDER BY sort asc  [ RunTime:0.1380s ]
SQL: SELECT `id`,`pid`,`title`,`url`,`tip` FROM `dk_menu` WHERE `group` = '教室' AND `pid` = 124 AND `hide` = 0 ORDER BY sort asc  [ RunTime:0.1300s ]
SQL: SELECT `id`,`pid`,`title`,`url`,`tip` FROM `dk_menu` WHERE `group` = '课程' AND `pid` = 124 AND `hide` = 0 ORDER BY sort asc  [ RunTime:0.1390s ]
SQL: SELECT `id`,`pid`,`title`,`url`,`tip` FROM `dk_menu` WHERE `group` = '班级' AND `pid` = 124 AND `hide` = 0 ORDER BY sort asc  [ RunTime:0.1390s ]
SQL: SELECT `id`,`pid`,`title`,`url`,`tip` FROM `dk_menu` WHERE `group` = '考勤' AND `pid` = 124 AND `hide` = 0 ORDER BY sort asc  [ RunTime:0.1390s ]
SQL: SELECT `id`,`pid`,`title`,`url`,`tip` FROM `dk_menu` WHERE `group` = ' 通知' AND `pid` = 124 AND `hide` = 0 ORDER BY sort asc  [ RunTime:0.1380s ]
SQL: SELECT `id`,`pid`,`title`,`url`,`tip` FROM `dk_menu` WHERE `group` = '报名' AND `pid` = 124 AND `hide` = 0 ORDER BY sort asc  [ RunTime:0.1380s ]
SQL: SHOW COLUMNS FROM `dk_teachers` [ RunTime:0.1410s ]
SQL: SELECT COUNT(*) AS tp_count FROM `dk_teachers` WHERE `teacher_name` LIKE '%%' LIMIT 1   [ RunTime:0.1380s ]
SQL: SELECT `id`,`teacher_name`,`teacher_phone`,`create_time`,`update_time`,`sort` FROM `dk_teachers` WHERE `teacher_name` LIKE '%%' ORDER BY sort asc LIMIT 0,10   [ RunTime:0.1380s ]
INFO: [ view_parse ] --START--
INFO: [ template_filter ] --START--
INFO: Run Behavior\ContentReplaceBehavior [ RunTime:0.001000s ]
INFO: [ template_filter ] --END-- [ RunTime:0.001000s ]
NOTIC: [8] Undefined variable: meta_title E:\phpStudy\WWW\ydEMBA\Runtime\Cache\Admin\967288625ce25696f1f9d9f1e107a38f.php 第 5 行.
INFO: Run Behavior\ParseTemplateBehavior [ RunTime:0.016001s ]
INFO: [ view_parse ] --END-- [ RunTime:0.016001s ]
INFO: [ view_filter ] --START--
INFO: Run Behavior\WriteHtmlCacheBehavior [ RunTime:0.000000s ]
INFO: [ view_filter ] --END-- [ RunTime:0.000000s ]
INFO: [ app_end ] --START--
INFO: Run Behavior\ShowPageTraceBehavior [ RunTime:0.000000s ]
INFO: [ app_end ] --END-- [ RunTime:0.000000s ]

[ 2016-11-28T19:14:26+08:00 ] 127.0.0.1 /admin.php?s=/Students/index.html
INFO: [ app_init ] --START--
INFO: Run Behavior\BuildLiteBehavior [ RunTime:0.000000s ]
INFO: Run Common\Behavior\InitHookBehavior [ RunTime:0.001000s ]
INFO: [ app_init ] --END-- [ RunTime:0.001000s ]
INFO: [ app_begin ] --START--
INFO: Run Behavior\ReadHtmlCacheBehavior [ RunTime:0.001000s ]
INFO: [ app_begin ] --END-- [ RunTime:0.001000s ]
SQL: SHOW COLUMNS FROM `dk_menu` [ RunTime:0.1260s ]
SQL: SELECT `id`,`title`,`url` FROM `dk_menu` WHERE `pid` = 0 AND `hide` = 0 ORDER BY sort asc  [ RunTime:0.1340s ]
SQL: SELECT `pid` FROM `dk_menu` WHERE ( pid !=0 AND url like '%Students/index%' ) LIMIT 1   [ RunTime:0.1200s ]
SQL: SELECT * FROM `dk_menu` WHERE `id` = 124 LIMIT 1   [ RunTime:0.1220s ]
SQL: SELECT DISTINCT  `group` FROM `dk_menu` WHERE `group` <> '' AND `pid` = 124  [ RunTime:0.1270s ]
SQL: SELECT `id`,`url` FROM `dk_menu` WHERE `pid` = 124 AND `hide` = 0  [ RunTime:0.1190s ]
SQL: SELECT `id`,`pid`,`title`,`url`,`tip` FROM `dk_menu` WHERE `group` = '用户管理' AND `pid` = 124 AND `hide` = 0 ORDER BY sort asc  [ RunTime:0.1260s ]
SQL: SELECT `id`,`pid`,`title`,`url`,`tip` FROM `dk_menu` WHERE `group` = '教室' AND `pid` = 124 AND `hide` = 0 ORDER BY sort asc  [ RunTime:0.1340s ]
SQL: SELECT `id`,`pid`,`title`,`url`,`tip` FROM `dk_menu` WHERE `group` = '课程' AND `pid` = 124 AND `hide` = 0 ORDER BY sort asc  [ RunTime:0.1190s ]
SQL: SELECT `id`,`pid`,`title`,`url`,`tip` FROM `dk_menu` WHERE `group` = '班级' AND `pid` = 124 AND `hide` = 0 ORDER BY sort asc  [ RunTime:0.1320s ]
SQL: SELECT `id`,`pid`,`title`,`url`,`tip` FROM `dk_menu` WHERE `group` = '考勤' AND `pid` = 124 AND `hide` = 0 ORDER BY sort asc  [ RunTime:0.1330s ]
SQL: SELECT `id`,`pid`,`title`,`url`,`tip` FROM `dk_menu` WHERE `group` = ' 通知' AND `pid` = 124 AND `hide` = 0 ORDER BY sort asc  [ RunTime:0.1330s ]
SQL: SELECT `id`,`pid`,`title`,`url`,`tip` FROM `dk_menu` WHERE `group` = '报名' AND `pid` = 124 AND `hide` = 0 ORDER BY sort asc  [ RunTime:0.1330s ]
SQL: SHOW COLUMNS FROM `dk_students` [ RunTime:0.1190s ]
SQL: SELECT COUNT(*) AS tp_count FROM `dk_students` WHERE `username` LIKE '%%' LIMIT 1   [ RunTime:0.1180s ]
SQL: SELECT `id`,`username`,`phone`,`address`,`student_no`,`wx_nickname`,`headimgurl`,`sex`,`province`,`city`,`country`,`openid`,`time`,`status`,`is_auth`,`class_id` FROM `dk_students` WHERE `username` LIKE '%%' ORDER BY id asc LIMIT 0,10   [ RunTime:0.1170s ]
SQL: SHOW COLUMNS FROM `dk_class` [ RunTime:0.1360s ]
SQL: SELECT * FROM `dk_class` WHERE `id` = 2 LIMIT 1   [ RunTime:0.1170s ]
SQL: SHOW COLUMNS FROM `dk_class_years` [ RunTime:0.1200s ]
SQL: SELECT `year_name` FROM `dk_class_years` WHERE `id` = 5 LIMIT 1   [ RunTime:0.1180s ]
SQL: SELECT * FROM `dk_class` WHERE `id` = 6 LIMIT 1   [ RunTime:0.1180s ]
SQL: SELECT `year_name` FROM `dk_class_years` WHERE `id` = 8 LIMIT 1   [ RunTime:0.1190s ]
SQL: SELECT * FROM `dk_class` WHERE `id` = 4 LIMIT 1   [ RunTime:0.1170s ]
SQL: SELECT `year_name` FROM `dk_class_years` WHERE `id` = 7 LIMIT 1   [ RunTime:0.1230s ]
SQL: SELECT * FROM `dk_class` WHERE `id` = 2 LIMIT 1   [ RunTime:0.1180s ]
SQL: SELECT `year_name` FROM `dk_class_years` WHERE `id` = 5 LIMIT 1   [ RunTime:0.1340s ]
SQL: SELECT * FROM `dk_class` WHERE `id` = 2 LIMIT 1   [ RunTime:0.1180s ]
SQL: SELECT `year_name` FROM `dk_class_years` WHERE `id` = 5 LIMIT 1   [ RunTime:0.1170s ]
INFO: [ view_parse ] --START--
INFO: [ template_filter ] --START--
INFO: Run Behavior\ContentReplaceBehavior [ RunTime:0.000000s ]
INFO: [ template_filter ] --END-- [ RunTime:0.000000s ]
NOTIC: [8] Undefined variable: meta_title E:\phpStudy\WWW\ydEMBA\Runtime\Cache\Admin\77465f87f72bd37a22cecbf351bd1bbe.php 第 5 行.
INFO: Run Behavior\ParseTemplateBehavior [ RunTime:0.012001s ]
INFO: [ view_parse ] --END-- [ RunTime:0.012001s ]
INFO: [ view_filter ] --START--
INFO: Run Behavior\WriteHtmlCacheBehavior [ RunTime:0.000000s ]
INFO: [ view_filter ] --END-- [ RunTime:0.000000s ]
INFO: [ app_end ] --START--
INFO: Run Behavior\ShowPageTraceBehavior [ RunTime:0.000000s ]
INFO: [ app_end ] --END-- [ RunTime:0.000000s ]

[ 2016-11-28T19:14:34+08:00 ] 127.0.0.1 /admin.php?s=/Students/edit/id/225.html
INFO: [ app_init ] --START--
INFO: Run Behavior\BuildLiteBehavior [ RunTime:0.000000s ]
INFO: Run Common\Behavior\InitHookBehavior [ RunTime:0.001000s ]
INFO: [ app_init ] --END-- [ RunTime:0.001000s ]
INFO: [ app_begin ] --START--
INFO: Run Behavior\ReadHtmlCacheBehavior [ RunTime:0.001000s ]
INFO: [ app_begin ] --END-- [ RunTime:0.001000s ]
SQL: SHOW COLUMNS FROM `dk_menu` [ RunTime:0.1360s ]
SQL: SELECT `id`,`title`,`url` FROM `dk_menu` WHERE `pid` = 0 AND `hide` = 0 ORDER BY sort asc  [ RunTime:0.1320s ]
SQL: SELECT `pid` FROM `dk_menu` WHERE ( pid !=0 AND url like '%Students/edit%' ) LIMIT 1   [ RunTime:0.1200s ]
SQL: SELECT * FROM `dk_menu` WHERE `id` = 133 LIMIT 1   [ RunTime:0.1380s ]
SQL: SELECT * FROM `dk_menu` WHERE `id` = 124 LIMIT 1   [ RunTime:0.1210s ]
SQL: SELECT DISTINCT  `group` FROM `dk_menu` WHERE `group` <> '' AND `pid` = 124  [ RunTime:0.1360s ]
SQL: SELECT `id`,`url` FROM `dk_menu` WHERE `pid` = 124 AND `hide` = 0  [ RunTime:0.1360s ]
SQL: SELECT `id`,`pid`,`title`,`url`,`tip` FROM `dk_menu` WHERE `group` = '用户管理' AND `pid` = 124 AND `hide` = 0 ORDER BY sort asc  [ RunTime:0.1370s ]
SQL: SELECT `id`,`pid`,`title`,`url`,`tip` FROM `dk_menu` WHERE `group` = '教室' AND `pid` = 124 AND `hide` = 0 ORDER BY sort asc  [ RunTime:0.1350s ]
SQL: SELECT `id`,`pid`,`title`,`url`,`tip` FROM `dk_menu` WHERE `group` = '课程' AND `pid` = 124 AND `hide` = 0 ORDER BY sort asc  [ RunTime:0.1360s ]
SQL: SELECT `id`,`pid`,`title`,`url`,`tip` FROM `dk_menu` WHERE `group` = '班级' AND `pid` = 124 AND `hide` = 0 ORDER BY sort asc  [ RunTime:0.1210s ]
SQL: SELECT `id`,`pid`,`title`,`url`,`tip` FROM `dk_menu` WHERE `group` = '考勤' AND `pid` = 124 AND `hide` = 0 ORDER BY sort asc  [ RunTime:0.1350s ]
SQL: SELECT `id`,`pid`,`title`,`url`,`tip` FROM `dk_menu` WHERE `group` = ' 通知' AND `pid` = 124 AND `hide` = 0 ORDER BY sort asc  [ RunTime:0.1210s ]
SQL: SELECT `id`,`pid`,`title`,`url`,`tip` FROM `dk_menu` WHERE `group` = '报名' AND `pid` = 124 AND `hide` = 0 ORDER BY sort asc  [ RunTime:0.1360s ]
SQL: SHOW COLUMNS FROM `dk_students` [ RunTime:0.1330s ]
SQL: SELECT * FROM `dk_students` WHERE `id` = 225 LIMIT 1   [ RunTime:0.1300s ]
SQL: SHOW COLUMNS FROM `dk_class` [ RunTime:0.1380s ]
SQL: SELECT `class_year_id` FROM `dk_class` WHERE `id` = 2 LIMIT 1   [ RunTime:0.1200s ]
SQL: SELECT * FROM `dk_class`  [ RunTime:0.1240s ]
SQL: SHOW COLUMNS FROM `dk_class_years` [ RunTime:0.1370s ]
SQL: SELECT * FROM `dk_class_years`  [ RunTime:0.1370s ]
INFO: [ view_parse ] --START--
INFO: [ template_filter ] --START--
INFO: Run Behavior\ContentReplaceBehavior [ RunTime:0.000000s ]
INFO: [ template_filter ] --END-- [ RunTime:0.000000s ]
NOTIC: [8] Undefined variable: meta_title E:\phpStudy\WWW\ydEMBA\Runtime\Cache\Admin\5d7b5bb88ef118c1b66e57a23ad98de7.php 第 5 行.
INFO: Run Behavior\ParseTemplateBehavior [ RunTime:0.012000s ]
INFO: [ view_parse ] --END-- [ RunTime:0.012000s ]
INFO: [ view_filter ] --START--
INFO: Run Behavior\WriteHtmlCacheBehavior [ RunTime:0.000000s ]
INFO: [ view_filter ] --END-- [ RunTime:0.000000s ]
INFO: [ app_end ] --START--
INFO: Run Behavior\ShowPageTraceBehavior [ RunTime:0.001001s ]
INFO: [ app_end ] --END-- [ RunTime:0.001001s ]

[ 2016-11-28T19:14:35+08:00 ] 127.0.0.1 /admin.php?s=/Students/ajax_edit.html
INFO: [ app_init ] --START--
INFO: Run Behavior\BuildLiteBehavior [ RunTime:0.000000s ]
INFO: Run Common\Behavior\InitHookBehavior [ RunTime:0.001000s ]
INFO: [ app_init ] --END-- [ RunTime:0.002000s ]
INFO: [ app_begin ] --START--
INFO: Run Behavior\ReadHtmlCacheBehavior [ RunTime:0.000000s ]
INFO: [ app_begin ] --END-- [ RunTime:0.000000s ]
SQL: SHOW COLUMNS FROM `dk_menu` [ RunTime:0.1290s ]
SQL: SELECT `id`,`title`,`url` FROM `dk_menu` WHERE `pid` = 0 AND `hide` = 0 ORDER BY sort asc  [ RunTime:0.1190s ]
SQL: SELECT `pid` FROM `dk_menu` WHERE ( pid !=0 AND url like '%Students/ajax_edit%' ) LIMIT 1   [ RunTime:0.1240s ]
SQL: SHOW COLUMNS FROM `dk_class` [ RunTime:0.1350s ]
SQL: SELECT * FROM `dk_class` WHERE `class_year_id` = 5  [ RunTime:0.1180s ]
NOTIC: [8] Undefined variable: str E:\phpStudy\WWW\ydEMBA\Application\Admin\Controller\StudentsController.class.php 第 92 行.

[ 2016-11-28T19:14:55+08:00 ] 127.0.0.1 /admin.php?s=/Students/edit/id/225.html
INFO: [ app_init ] --START--
INFO: Run Behavior\BuildLiteBehavior [ RunTime:0.000000s ]
INFO: Run Common\Behavior\InitHookBehavior [ RunTime:0.001000s ]
INFO: [ app_init ] --END-- [ RunTime:0.002000s ]
INFO: [ app_begin ] --START--
INFO: Run Behavior\ReadHtmlCacheBehavior [ RunTime:0.000000s ]
INFO: [ app_begin ] --END-- [ RunTime:0.000000s ]
SQL: SHOW COLUMNS FROM `dk_menu` [ RunTime:0.1270s ]
SQL: SELECT `id`,`title`,`url` FROM `dk_menu` WHERE `pid` = 0 AND `hide` = 0 ORDER BY sort asc  [ RunTime:0.1220s ]
SQL: SELECT `pid` FROM `dk_menu` WHERE ( pid !=0 AND url like '%Students/edit%' ) LIMIT 1   [ RunTime:0.1350s ]
SQL: SELECT * FROM `dk_menu` WHERE `id` = 133 LIMIT 1   [ RunTime:0.1330s ]
SQL: SELECT * FROM `dk_menu` WHERE `id` = 124 LIMIT 1   [ RunTime:0.1200s ]
SQL: SELECT DISTINCT  `group` FROM `dk_menu` WHERE `group` <> '' AND `pid` = 124  [ RunTime:0.1190s ]
SQL: SELECT `id`,`url` FROM `dk_menu` WHERE `pid` = 124 AND `hide` = 0  [ RunTime:0.1210s ]
SQL: SELECT `id`,`pid`,`title`,`url`,`tip` FROM `dk_menu` WHERE `group` = '用户管理' AND `pid` = 124 AND `hide` = 0 ORDER BY sort asc  [ RunTime:0.1300s ]
SQL: SELECT `id`,`pid`,`title`,`url`,`tip` FROM `dk_menu` WHERE `group` = '教室' AND `pid` = 124 AND `hide` = 0 ORDER BY sort asc  [ RunTime:0.1230s ]
SQL: SELECT `id`,`pid`,`title`,`url`,`tip` FROM `dk_menu` WHERE `group` = '课程' AND `pid` = 124 AND `hide` = 0 ORDER BY sort asc  [ RunTime:0.1220s ]
SQL: SELECT `id`,`pid`,`title`,`url`,`tip` FROM `dk_menu` WHERE `group` = '班级' AND `pid` = 124 AND `hide` = 0 ORDER BY sort asc  [ RunTime:0.1270s ]
SQL: SELECT `id`,`pid`,`title`,`url`,`tip` FROM `dk_menu` WHERE `group` = '考勤' AND `pid` = 124 AND `hide` = 0 ORDER BY sort asc  [ RunTime:0.1310s ]
SQL: SELECT `id`,`pid`,`title`,`url`,`tip` FROM `dk_menu` WHERE `group` = ' 通知' AND `pid` = 124 AND `hide` = 0 ORDER BY sort asc  [ RunTime:0.1370s ]
SQL: SELECT `id`,`pid`,`title`,`url`,`tip` FROM `dk_menu` WHERE `group` = '报名' AND `pid` = 124 AND `hide` = 0 ORDER BY sort asc  [ RunTime:0.1360s ]
SQL: SHOW COLUMNS FROM `dk_students` [ RunTime:0.1370s ]
SQL: SELECT * FROM `dk_students` WHERE `id` = 225 LIMIT 1   [ RunTime:0.1380s ]
SQL: SHOW COLUMNS FROM `dk_class` [ RunTime:0.1370s ]
SQL: SELECT `class_year_id` FROM `dk_class` WHERE `id` = 2 LIMIT 1   [ RunTime:0.1200s ]
SQL: SELECT * FROM `dk_class`  [ RunTime:0.1370s ]
SQL: SHOW COLUMNS FROM `dk_class_years` [ RunTime:0.1370s ]
SQL: SELECT * FROM `dk_class_years`  [ RunTime:0.1360s ]
INFO: [ view_parse ] --START--
INFO: [ template_filter ] --START--
INFO: Run Behavior\ContentReplaceBehavior [ RunTime:0.000000s ]
INFO: [ template_filter ] --END-- [ RunTime:0.001000s ]
NOTIC: [8] Undefined variable: meta_title E:\phpStudy\WWW\ydEMBA\Runtime\Cache\Admin\5d7b5bb88ef118c1b66e57a23ad98de7.php 第 5 行.
INFO: Run Behavior\ParseTemplateBehavior [ RunTime:0.010001s ]
INFO: [ view_parse ] --END-- [ RunTime:0.010001s ]
INFO: [ view_filter ] --START--
INFO: Run Behavior\WriteHtmlCacheBehavior [ RunTime:0.000000s ]
INFO: [ view_filter ] --END-- [ RunTime:0.000000s ]
INFO: [ app_end ] --START--
INFO: Run Behavior\ShowPageTraceBehavior [ RunTime:0.000000s ]
INFO: [ app_end ] --END-- [ RunTime:0.000000s ]

[ 2016-11-28T19:14:57+08:00 ] 127.0.0.1 /admin.php?s=/Students/ajax_edit.html
INFO: [ app_init ] --START--
INFO: Run Behavior\BuildLiteBehavior [ RunTime:0.000000s ]
INFO: Run Common\Behavior\InitHookBehavior [ RunTime:0.002000s ]
INFO: [ app_init ] --END-- [ RunTime:0.002000s ]
INFO: [ app_begin ] --START--
INFO: Run Behavior\ReadHtmlCacheBehavior [ RunTime:0.000000s ]
INFO: [ app_begin ] --END-- [ RunTime:0.000000s ]
SQL: SHOW COLUMNS FROM `dk_menu` [ RunTime:0.1360s ]
SQL: SELECT `id`,`title`,`url` FROM `dk_menu` WHERE `pid` = 0 AND `hide` = 0 ORDER BY sort asc  [ RunTime:0.1330s ]
SQL: SELECT `pid` FROM `dk_menu` WHERE ( pid !=0 AND url like '%Students/ajax_edit%' ) LIMIT 1   [ RunTime:0.1200s ]
SQL: SHOW COLUMNS FROM `dk_class` [ RunTime:0.1310s ]
SQL: SELECT * FROM `dk_class` WHERE `class_year_id` = 5  [ RunTime:0.1180s ]
NOTIC: [8] Undefined variable: str E:\phpStudy\WWW\ydEMBA\Application\Admin\Controller\StudentsController.class.php 第 92 行.

[ 2016-11-28T19:16:22+08:00 ] 127.0.0.1 /admin.php?s=/Students/edit/id/225.html
INFO: [ app_init ] --START--
INFO: Run Behavior\BuildLiteBehavior [ RunTime:0.000000s ]
INFO: Run Common\Behavior\InitHookBehavior [ RunTime:0.002000s ]
INFO: [ app_init ] --END-- [ RunTime:0.002000s ]
INFO: [ app_begin ] --START--
INFO: Run Behavior\ReadHtmlCacheBehavior [ RunTime:0.000000s ]
INFO: [ app_begin ] --END-- [ RunTime:0.001000s ]
SQL: SHOW COLUMNS FROM `dk_menu` [ RunTime:0.1200s ]
SQL: SELECT `id`,`title`,`url` FROM `dk_menu` WHERE `pid` = 0 AND `hide` = 0 ORDER BY sort asc  [ RunTime:0.1170s ]
SQL: SELECT `pid` FROM `dk_menu` WHERE ( pid !=0 AND url like '%Students/edit%' ) LIMIT 1   [ RunTime:0.1360s ]
SQL: SELECT * FROM `dk_menu` WHERE `id` = 133 LIMIT 1   [ RunTime:0.1330s ]
SQL: SELECT * FROM `dk_menu` WHERE `id` = 124 LIMIT 1   [ RunTime:0.1160s ]
SQL: SELECT DISTINCT  `group` FROM `dk_menu` WHERE `group` <> '' AND `pid` = 124  [ RunTime:0.1270s ]
SQL: SELECT `id`,`url` FROM `dk_menu` WHERE `pid` = 124 AND `hide` = 0  [ RunTime:0.1190s ]
SQL: SELECT `id`,`pid`,`title`,`url`,`tip` FROM `dk_menu` WHERE `group` = '用户管理' AND `pid` = 124 AND `hide` = 0 ORDER BY sort asc  [ RunTime:0.1250s ]
SQL: SELECT `id`,`pid`,`title`,`url`,`tip` FROM `dk_menu` WHERE `group` = '教室' AND `pid` = 124 AND `hide` = 0 ORDER BY sort asc  [ RunTime:0.1330s ]
SQL: SELECT `id`,`pid`,`title`,`url`,`tip` FROM `dk_menu` WHERE `group` = '课程' AND `pid` = 124 AND `hide` = 0 ORDER BY sort asc  [ RunTime:0.1320s ]
SQL: SELECT `id`,`pid`,`title`,`url`,`tip` FROM `dk_menu` WHERE `group` = '班级' AND `pid` = 124 AND `hide` = 0 ORDER BY sort asc  [ RunTime:0.1200s ]
SQL: SELECT `id`,`pid`,`title`,`url`,`tip` FROM `dk_menu` WHERE `group` = '考勤' AND `pid` = 124 AND `hide` = 0 ORDER BY sort asc  [ RunTime:0.1290s ]
SQL: SELECT `id`,`pid`,`title`,`url`,`tip` FROM `dk_menu` WHERE `group` = ' 通知' AND `pid` = 124 AND `hide` = 0 ORDER BY sort asc  [ RunTime:0.1190s ]
SQL: SELECT `id`,`pid`,`title`,`url`,`tip` FROM `dk_menu` WHERE `group` = '报名' AND `pid` = 124 AND `hide` = 0 ORDER BY sort asc  [ RunTime:0.1270s ]
SQL: SHOW COLUMNS FROM `dk_students` [ RunTime:0.1190s ]
SQL: SELECT * FROM `dk_students` WHERE `id` = 225 LIMIT 1   [ RunTime:0.1190s ]
SQL: SHOW COLUMNS FROM `dk_class` [ RunTime:0.1350s ]
SQL: SELECT `class_year_id` FROM `dk_class` WHERE `id` = 2 LIMIT 1   [ RunTime:0.1240s ]
SQL: SELECT * FROM `dk_class`  [ RunTime:0.1270s ]
SQL: SHOW COLUMNS FROM `dk_class_years` [ RunTime:0.1340s ]
SQL: SELECT * FROM `dk_class_years`  [ RunTime:0.1330s ]
INFO: [ view_parse ] --START--
INFO: [ template_filter ] --START--
INFO: Run Behavior\ContentReplaceBehavior [ RunTime:0.001000s ]
INFO: [ template_filter ] --END-- [ RunTime:0.001000s ]
NOTIC: [8] Undefined variable: meta_title E:\phpStudy\WWW\ydEMBA\Runtime\Cache\Admin\5d7b5bb88ef118c1b66e57a23ad98de7.php 第 5 行.
INFO: Run Behavior\ParseTemplateBehavior [ RunTime:0.011001s ]
INFO: [ view_parse ] --END-- [ RunTime:0.011001s ]
INFO: [ view_filter ] --START--
INFO: Run Behavior\WriteHtmlCacheBehavior [ RunTime:0.000000s ]
INFO: [ view_filter ] --END-- [ RunTime:0.000000s ]
INFO: [ app_end ] --START--
INFO: Run Behavior\ShowPageTraceBehavior [ RunTime:0.000000s ]
INFO: [ app_end ] --END-- [ RunTime:0.000000s ]

[ 2016-11-28T19:16:23+08:00 ] 127.0.0.1 /admin.php?s=/Students/ajax_edit.html
INFO: [ app_init ] --START--
INFO: Run Behavior\BuildLiteBehavior [ RunTime:0.000000s ]
INFO: Run Common\Behavior\InitHookBehavior [ RunTime:0.003001s ]
INFO: [ app_init ] --END-- [ RunTime:0.004001s ]
INFO: [ app_begin ] --START--
INFO: Run Behavior\ReadHtmlCacheBehavior [ RunTime:0.000000s ]
INFO: [ app_begin ] --END-- [ RunTime:0.000000s ]
SQL: SHOW COLUMNS FROM `dk_menu` [ RunTime:0.1260s ]
SQL: SELECT `id`,`title`,`url` FROM `dk_menu` WHERE `pid` = 0 AND `hide` = 0 ORDER BY sort asc  [ RunTime:0.1350s ]
SQL: SELECT `pid` FROM `dk_menu` WHERE ( pid !=0 AND url like '%Students/ajax_edit%' ) LIMIT 1   [ RunTime:0.1240s ]
SQL: SHOW COLUMNS FROM `dk_class` [ RunTime:0.1230s ]
SQL: SELECT * FROM `dk_class` WHERE `class_year_id` = 5  [ RunTime:0.1360s ]
NOTIC: [8] Undefined variable: str E:\phpStudy\WWW\ydEMBA\Application\Admin\Controller\StudentsController.class.php 第 92 行.

[ 2016-11-28T19:16:42+08:00 ] 127.0.0.1 /admin.php?s=/Students/edit/id/225.html
INFO: [ app_init ] --START--
INFO: Run Behavior\BuildLiteBehavior [ RunTime:0.000000s ]
INFO: Run Common\Behavior\InitHookBehavior [ RunTime:0.002000s ]
INFO: [ app_init ] --END-- [ RunTime:0.002000s ]
INFO: [ app_begin ] --START--
INFO: Run Behavior\ReadHtmlCacheBehavior [ RunTime:0.001000s ]
INFO: [ app_begin ] --END-- [ RunTime:0.001000s ]
SQL: SHOW COLUMNS FROM `dk_menu` [ RunTime:0.1390s ]
SQL: SELECT `id`,`title`,`url` FROM `dk_menu` WHERE `pid` = 0 AND `hide` = 0 ORDER BY sort asc  [ RunTime:0.1360s ]
SQL: SELECT `pid` FROM `dk_menu` WHERE ( pid !=0 AND url like '%Students/edit%' ) LIMIT 1   [ RunTime:0.1360s ]
SQL: SELECT * FROM `dk_menu` WHERE `id` = 133 LIMIT 1   [ RunTime:0.1360s ]
SQL: SELECT * FROM `dk_menu` WHERE `id` = 124 LIMIT 1   [ RunTime:0.1370s ]
SQL: SELECT DISTINCT  `group` FROM `dk_menu` WHERE `group` <> '' AND `pid` = 124  [ RunTime:0.1370s ]
SQL: SELECT `id`,`url` FROM `dk_menu` WHERE `pid` = 124 AND `hide` = 0  [ RunTime:0.1350s ]
SQL: SELECT `id`,`pid`,`title`,`url`,`tip` FROM `dk_menu` WHERE `group` = '用户管理' AND `pid` = 124 AND `hide` = 0 ORDER BY sort asc  [ RunTime:0.1360s ]
SQL: SELECT `id`,`pid`,`title`,`url`,`tip` FROM `dk_menu` WHERE `group` = '教室' AND `pid` = 124 AND `hide` = 0 ORDER BY sort asc  [ RunTime:0.1220s ]
SQL: SELECT `id`,`pid`,`title`,`url`,`tip` FROM `dk_menu` WHERE `group` = '课程' AND `pid` = 124 AND `hide` = 0 ORDER BY sort asc  [ RunTime:0.1360s ]
SQL: SELECT `id`,`pid`,`title`,`url`,`tip` FROM `dk_menu` WHERE `group` = '班级' AND `pid` = 124 AND `hide` = 0 ORDER BY sort asc  [ RunTime:0.1370s ]
SQL: SELECT `id`,`pid`,`title`,`url`,`tip` FROM `dk_menu` WHERE `group` = '考勤' AND `pid` = 124 AND `hide` = 0 ORDER BY sort asc  [ RunTime:0.1360s ]
SQL: SELECT `id`,`pid`,`title`,`url`,`tip` FROM `dk_menu` WHERE `group` = ' 通知' AND `pid` = 124 AND `hide` = 0 ORDER BY sort asc  [ RunTime:0.1330s ]
SQL: SELECT `id`,`pid`,`title`,`url`,`tip` FROM `dk_menu` WHERE `group` = '报名' AND `pid` = 124 AND `hide` = 0 ORDER BY sort asc  [ RunTime:0.1310s ]
SQL: SHOW COLUMNS FROM `dk_students` [ RunTime:0.1280s ]
SQL: SELECT * FROM `dk_students` WHERE `id` = 225 LIMIT 1   [ RunTime:0.1360s ]
SQL: SHOW COLUMNS FROM `dk_class` [ RunTime:0.1370s ]
SQL: SELECT `class_year_id` FROM `dk_class` WHERE `id` = 2 LIMIT 1   [ RunTime:0.1350s ]
SQL: SELECT * FROM `dk_class`  [ RunTime:0.1200s ]
SQL: SHOW COLUMNS FROM `dk_class_years` [ RunTime:0.1250s ]
SQL: SELECT * FROM `dk_class_years`  [ RunTime:0.1210s ]
INFO: [ view_parse ] --START--
INFO: [ template_filter ] --START--
INFO: Run Behavior\ContentReplaceBehavior [ RunTime:0.000000s ]
INFO: [ template_filter ] --END-- [ RunTime:0.000000s ]
NOTIC: [8] Undefined variable: meta_title E:\phpStudy\WWW\ydEMBA\Runtime\Cache\Admin\5d7b5bb88ef118c1b66e57a23ad98de7.php 第 5 行.
INFO: Run Behavior\ParseTemplateBehavior [ RunTime:0.011001s ]
INFO: [ view_parse ] --END-- [ RunTime:0.011001s ]
INFO: [ view_filter ] --START--
INFO: Run Behavior\WriteHtmlCacheBehavior [ RunTime:0.000000s ]
INFO: [ view_filter ] --END-- [ RunTime:0.000000s ]
INFO: [ app_end ] --START--
INFO: Run Behavior\ShowPageTraceBehavior [ RunTime:0.001000s ]
INFO: [ app_end ] --END-- [ RunTime:0.001000s ]

[ 2016-11-28T19:16:43+08:00 ] 127.0.0.1 /admin.php?s=/Students/ajax_edit.html
INFO: [ app_init ] --START--
INFO: Run Behavior\BuildLiteBehavior [ RunTime:0.000000s ]
INFO: Run Common\Behavior\InitHookBehavior [ RunTime:0.001000s ]
INFO: [ app_init ] --END-- [ RunTime:0.001000s ]
INFO: [ app_begin ] --START--
INFO: Run Behavior\ReadHtmlCacheBehavior [ RunTime:0.000000s ]
INFO: [ app_begin ] --END-- [ RunTime:0.000000s ]
SQL: SHOW COLUMNS FROM `dk_menu` [ RunTime:0.1360s ]
SQL: SELECT `id`,`title`,`url` FROM `dk_menu` WHERE `pid` = 0 AND `hide` = 0 ORDER BY sort asc  [ RunTime:0.1200s ]
SQL: SELECT `pid` FROM `dk_menu` WHERE ( pid !=0 AND url like '%Students/ajax_edit%' ) LIMIT 1   [ RunTime:0.1190s ]
SQL: SHOW COLUMNS FROM `dk_class` [ RunTime:0.1210s ]
SQL: SELECT * FROM `dk_class` WHERE `class_year_id` = 5  [ RunTime:0.1210s ]
NOTIC: [8] Undefined variable: str E:\phpStudy\WWW\ydEMBA\Application\Admin\Controller\StudentsController.class.php 第 92 行.

[ 2016-11-28T19:17:30+08:00 ] 127.0.0.1 /admin.php?s=/Students/edit/id/225.html
INFO: [ app_init ] --START--
INFO: Run Behavior\BuildLiteBehavior [ RunTime:0.000000s ]
INFO: Run Common\Behavior\InitHookBehavior [ RunTime:0.001000s ]
INFO: [ app_init ] --END-- [ RunTime:0.001000s ]
INFO: [ app_begin ] --START--
INFO: Run Behavior\ReadHtmlCacheBehavior [ RunTime:0.001000s ]
INFO: [ app_begin ] --END-- [ RunTime:0.001000s ]
SQL: SHOW COLUMNS FROM `dk_menu` [ RunTime:0.1290s ]
SQL: SELECT `id`,`title`,`url` FROM `dk_menu` WHERE `pid` = 0 AND `hide` = 0 ORDER BY sort asc  [ RunTime:0.1180s ]
SQL: SELECT `pid` FROM `dk_menu` WHERE ( pid !=0 AND url like '%Students/edit%' ) LIMIT 1   [ RunTime:0.1220s ]
SQL: SELECT * FROM `dk_menu` WHERE `id` = 133 LIMIT 1   [ RunTime:0.1320s ]
SQL: SELECT * FROM `dk_menu` WHERE `id` = 124 LIMIT 1   [ RunTime:0.1200s ]
SQL: SELECT DISTINCT  `group` FROM `dk_menu` WHERE `group` <> '' AND `pid` = 124  [ RunTime:0.1210s ]
SQL: SELECT `id`,`url` FROM `dk_menu` WHERE `pid` = 124 AND `hide` = 0  [ RunTime:0.1270s ]
SQL: SELECT `id`,`pid`,`title`,`url`,`tip` FROM `dk_menu` WHERE `group` = '用户管理' AND `pid` = 124 AND `hide` = 0 ORDER BY sort asc  [ RunTime:0.1370s ]
SQL: SELECT `id`,`pid`,`title`,`url`,`tip` FROM `dk_menu` WHERE `group` = '教室' AND `pid` = 124 AND `hide` = 0 ORDER BY sort asc  [ RunTime:0.1340s ]
SQL: SELECT `id`,`pid`,`title`,`url`,`tip` FROM `dk_menu` WHERE `group` = '课程' AND `pid` = 124 AND `hide` = 0 ORDER BY sort asc  [ RunTime:0.1180s ]
SQL: SELECT `id`,`pid`,`title`,`url`,`tip` FROM `dk_menu` WHERE `group` = '班级' AND `pid` = 124 AND `hide` = 0 ORDER BY sort asc  [ RunTime:0.1290s ]
SQL: SELECT `id`,`pid`,`title`,`url`,`tip` FROM `dk_menu` WHERE `group` = '考勤' AND `pid` = 124 AND `hide` = 0 ORDER BY sort asc  [ RunTime:0.1340s ]
SQL: SELECT `id`,`pid`,`title`,`url`,`tip` FROM `dk_menu` WHERE `group` = ' 通知' AND `pid` = 124 AND `hide` = 0 ORDER BY sort asc  [ RunTime:0.1230s ]
SQL: SELECT `id`,`pid`,`title`,`url`,`tip` FROM `dk_menu` WHERE `group` = '报名' AND `pid` = 124 AND `hide` = 0 ORDER BY sort asc  [ RunTime:0.1270s ]
SQL: SHOW COLUMNS FROM `dk_students` [ RunTime:0.1350s ]
SQL: SELECT * FROM `dk_students` WHERE `id` = 225 LIMIT 1   [ RunTime:0.1290s ]
SQL: SHOW COLUMNS FROM `dk_class` [ RunTime:0.1170s ]
SQL: SELECT `class_year_id` FROM `dk_class` WHERE `id` = 2 LIMIT 1   [ RunTime:0.1330s ]
SQL: SELECT * FROM `dk_class`  [ RunTime:0.1340s ]
SQL: SHOW COLUMNS FROM `dk_class_years` [ RunTime:0.1330s ]
SQL: SELECT * FROM `dk_class_years`  [ RunTime:0.1320s ]
INFO: [ view_parse ] --START--
INFO: [ template_filter ] --START--
INFO: Run Behavior\ContentReplaceBehavior [ RunTime:0.000000s ]
INFO: [ template_filter ] --END-- [ RunTime:0.000000s ]
NOTIC: [8] Undefined variable: meta_title E:\phpStudy\WWW\ydEMBA\Runtime\Cache\Admin\5d7b5bb88ef118c1b66e57a23ad98de7.php 第 5 行.
INFO: Run Behavior\ParseTemplateBehavior [ RunTime:0.011000s ]
INFO: [ view_parse ] --END-- [ RunTime:0.011000s ]
INFO: [ view_filter ] --START--
INFO: Run Behavior\WriteHtmlCacheBehavior [ RunTime:0.000000s ]
INFO: [ view_filter ] --END-- [ RunTime:0.000000s ]
INFO: [ app_end ] --START--
INFO: Run Behavior\ShowPageTraceBehavior [ RunTime:0.000000s ]
INFO: [ app_end ] --END-- [ RunTime:0.000000s ]

[ 2016-11-28T19:17:31+08:00 ] 127.0.0.1 /admin.php?s=/Students/ajax_edit.html
INFO: [ app_init ] --START--
INFO: Run Behavior\BuildLiteBehavior [ RunTime:0.000000s ]
INFO: Run Common\Behavior\InitHookBehavior [ RunTime:0.001001s ]
INFO: [ app_init ] --END-- [ RunTime:0.003001s ]
INFO: [ app_begin ] --START--
INFO: Run Behavior\ReadHtmlCacheBehavior [ RunTime:0.000000s ]
INFO: [ app_begin ] --END-- [ RunTime:0.000000s ]
SQL: SHOW COLUMNS FROM `dk_menu` [ RunTime:0.1240s ]
SQL: SELECT `id`,`title`,`url` FROM `dk_menu` WHERE `pid` = 0 AND `hide` = 0 ORDER BY sort asc  [ RunTime:0.1270s ]
SQL: SELECT `pid` FROM `dk_menu` WHERE ( pid !=0 AND url like '%Students/ajax_edit%' ) LIMIT 1   [ RunTime:0.1380s ]
SQL: SHOW COLUMNS FROM `dk_class` [ RunTime:0.1250s ]
SQL: SELECT * FROM `dk_class` WHERE `class_year_id` = 5  [ RunTime:0.1320s ]
NOTIC: [8] Undefined variable: str E:\phpStudy\WWW\ydEMBA\Application\Admin\Controller\StudentsController.class.php 第 92 行.

[ 2016-11-28T19:17:35+08:00 ] 127.0.0.1 /admin.php?s=/Students/ajax_edit.html
INFO: [ app_init ] --START--
INFO: Run Behavior\BuildLiteBehavior [ RunTime:0.000000s ]
INFO: Run Common\Behavior\InitHookBehavior [ RunTime:0.001000s ]
INFO: [ app_init ] --END-- [ RunTime:0.002000s ]
INFO: [ app_begin ] --START--
INFO: Run Behavior\ReadHtmlCacheBehavior [ RunTime:0.001000s ]
INFO: [ app_begin ] --END-- [ RunTime:0.001000s ]
SQL: SHOW COLUMNS FROM `dk_menu` [ RunTime:0.1340s ]
SQL: SELECT `id`,`title`,`url` FROM `dk_menu` WHERE `pid` = 0 AND `hide` = 0 ORDER BY sort asc  [ RunTime:0.1220s ]
SQL: SELECT `pid` FROM `dk_menu` WHERE ( pid !=0 AND url like '%Students/ajax_edit%' ) LIMIT 1   [ RunTime:0.1240s ]
SQL: SHOW COLUMNS FROM `dk_class` [ RunTime:0.1370s ]
SQL: SELECT * FROM `dk_class` WHERE `class_year_id` = 7  [ RunTime:0.1320s ]
NOTIC: [8] Undefined variable: str E:\phpStudy\WWW\ydEMBA\Application\Admin\Controller\StudentsController.class.php 第 104 行.

[ 2016-11-28T19:17:37+08:00 ] 127.0.0.1 /admin.php?s=/Students/ajax_edit.html
INFO: [ app_init ] --START--
INFO: Run Behavior\BuildLiteBehavior [ RunTime:0.000000s ]
INFO: Run Common\Behavior\InitHookBehavior [ RunTime:0.001000s ]
INFO: [ app_init ] --END-- [ RunTime:0.001000s ]
INFO: [ app_begin ] --START--
INFO: Run Behavior\ReadHtmlCacheBehavior [ RunTime:0.001000s ]
INFO: [ app_begin ] --END-- [ RunTime:0.001000s ]
SQL: SHOW COLUMNS FROM `dk_menu` [ RunTime:0.1220s ]
SQL: SELECT `id`,`title`,`url` FROM `dk_menu` WHERE `pid` = 0 AND `hide` = 0 ORDER BY sort asc  [ RunTime:0.1200s ]
SQL: SELECT `pid` FROM `dk_menu` WHERE ( pid !=0 AND url like '%Students/ajax_edit%' ) LIMIT 1   [ RunTime:0.1360s ]
SQL: SHOW COLUMNS FROM `dk_class` [ RunTime:0.1330s ]
SQL: SELECT * FROM `dk_class` WHERE `class_year_id` = 9  [ RunTime:0.1210s ]
NOTIC: [8] Undefined variable: str E:\phpStudy\WWW\ydEMBA\Application\Admin\Controller\StudentsController.class.php 第 104 行.

[ 2016-11-28T19:17:39+08:00 ] 127.0.0.1 /admin.php?s=/Students/ajax_edit.html
INFO: [ app_init ] --START--
INFO: Run Behavior\BuildLiteBehavior [ RunTime:0.000000s ]
INFO: Run Common\Behavior\InitHookBehavior [ RunTime:0.002000s ]
INFO: [ app_init ] --END-- [ RunTime:0.002000s ]
INFO: [ app_begin ] --START--
INFO: Run Behavior\ReadHtmlCacheBehavior [ RunTime:0.000000s ]
INFO: [ app_begin ] --END-- [ RunTime:0.000000s ]
SQL: SHOW COLUMNS FROM `dk_menu` [ RunTime:0.1180s ]
SQL: SELECT `id`,`title`,`url` FROM `dk_menu` WHERE `pid` = 0 AND `hide` = 0 ORDER BY sort asc  [ RunTime:0.1310s ]
SQL: SELECT `pid` FROM `dk_menu` WHERE ( pid !=0 AND url like '%Students/ajax_edit%' ) LIMIT 1   [ RunTime:0.1170s ]
SQL: SHOW COLUMNS FROM `dk_class` [ RunTime:0.1220s ]
SQL: SELECT * FROM `dk_class` WHERE `class_year_id` = 8  [ RunTime:0.1220s ]
NOTIC: [8] Undefined variable: str E:\phpStudy\WWW\ydEMBA\Application\Admin\Controller\StudentsController.class.php 第 104 行.

