[ 2016-11-25T09:18:06+08:00 ] 127.0.0.1 /admin.php
INFO: [ app_init ] --START--
INFO: Run Behavior\BuildLiteBehavior [ RunTime:0.000000s ]
INFO: Run Common\Behavior\InitHookBehavior [ RunTime:0.004000s ]
INFO: [ app_init ] --END-- [ RunTime:0.006000s ]
INFO: [ app_begin ] --START--
INFO: Run Behavior\ReadHtmlCacheBehavior [ RunTime:0.001000s ]
INFO: [ app_begin ] --END-- [ RunTime:0.001000s ]

[ 2016-11-25T09:18:06+08:00 ] 127.0.0.1 /admin.php?s=/Public/login.html
INFO: [ app_init ] --START--
INFO: Run Behavior\BuildLiteBehavior [ RunTime:0.000000s ]
INFO: Run Common\Behavior\InitHookBehavior [ RunTime:0.001000s ]
INFO: [ app_init ] --END-- [ RunTime:0.002000s ]
INFO: [ app_begin ] --START--
INFO: Run Behavior\ReadHtmlCacheBehavior [ RunTime:0.001000s ]
INFO: [ app_begin ] --END-- [ RunTime:0.001000s ]
INFO: [ view_parse ] --START--
INFO: [ template_filter ] --START--
INFO: Run Behavior\ContentReplaceBehavior [ RunTime:0.001000s ]
INFO: [ template_filter ] --END-- [ RunTime:0.001000s ]
INFO: Run Behavior\ParseTemplateBehavior [ RunTime:0.014000s ]
INFO: [ view_parse ] --END-- [ RunTime:0.014000s ]
INFO: [ view_filter ] --START--
INFO: Run Behavior\WriteHtmlCacheBehavior [ RunTime:0.000000s ]
INFO: [ view_filter ] --END-- [ RunTime:0.000000s ]
INFO: [ app_end ] --START--
INFO: Run Behavior\ShowPageTraceBehavior [ RunTime:0.001000s ]
INFO: [ app_end ] --END-- [ RunTime:0.001000s ]

[ 2016-11-25T09:18:06+08:00 ] 127.0.0.1 /admin.php?s=/Public/verify.html
INFO: [ app_init ] --START--
INFO: Run Behavior\BuildLiteBehavior [ RunTime:0.000000s ]
INFO: Run Common\Behavior\InitHookBehavior [ RunTime:0.001000s ]
INFO: [ app_init ] --END-- [ RunTime:0.001000s ]
INFO: [ app_begin ] --START--
INFO: Run Behavior\ReadHtmlCacheBehavior [ RunTime:0.001000s ]
INFO: [ app_begin ] --END-- [ RunTime:0.001000s ]
INFO: [ app_end ] --START--
INFO: Run Behavior\ShowPageTraceBehavior [ RunTime:0.001000s ]
INFO: [ app_end ] --END-- [ RunTime:0.001000s ]

[ 2016-11-25T09:18:16+08:00 ] 127.0.0.1 /admin.php?s=/Public/login.html
INFO: [ app_init ] --START--
INFO: Run Behavior\BuildLiteBehavior [ RunTime:0.000000s ]
INFO: Run Common\Behavior\InitHookBehavior [ RunTime:0.001000s ]
INFO: [ app_init ] --END-- [ RunTime:0.001000s ]
INFO: [ app_begin ] --START--
INFO: Run Behavior\ReadHtmlCacheBehavior [ RunTime:0.000000s ]
INFO: [ app_begin ] --END-- [ RunTime:0.000000s ]
NOTIC: [8] Undefined index: lite E:\phpStudy\WWW\ydEMBA\ThinkPHP\Library\Think\Db.class.php 第 37 行.
SQL: SHOW COLUMNS FROM `dk_member` [ RunTime:0.1290s ]
SQL: SELECT `uid`,`nickname`,`sex`,`birthday`,`qq`,`score`,`login`,`reg_ip`,`reg_time`,`last_login_ip`,`last_login_time`,`status` FROM `dk_member` WHERE `uid` = 1 LIMIT 1   [ RunTime:0.1160s ]
SQL: SHOW COLUMNS FROM `dk_action` [ RunTime:0.1290s ]
SQL: SELECT * FROM `dk_action` WHERE `name` = 'user_login' LIMIT 1   [ RunTime:0.1170s ]
SQL: SHOW COLUMNS FROM `dk_action_log` [ RunTime:0.1280s ]
SQL: INSERT INTO `dk_action_log` (`action_id`,`user_id`,`action_ip`,`model`,`record_id`,`create_time`,`remark`) VALUES ('1','1','2130706433','member','1','1480036694','admin在2016-11-25 09:18登录了后台') [ RunTime:0.1290s ]
SQL: SELECT * FROM `dk_action` WHERE `name` = 'user_login' LIMIT 1   [ RunTime:0.1160s ]
NOTIC: [8] Undefined offset: 1 E:\phpStudy\WWW\ydEMBA\Application\Common\Common\function.php 第 687 行.
NOTIC: [2] array_key_exists() expects parameter 2 to be array, null given E:\phpStudy\WWW\ydEMBA\Application\Common\Common\function.php 第 687 行.
SQL: SELECT COUNT(*) AS tp_count FROM `dk_action_log` WHERE `action_id` = 1 AND `user_id` = 1 AND `create_time` > 1479950294 LIMIT 1   [ RunTime:0.1160s ]
SQL: UPDATE `dk_member` SET `login`=`login`+1,`last_login_time`='1480036694',`last_login_ip`='2130706433' WHERE `uid` = 1 [ RunTime:0.1180s ]

[ 2016-11-25T09:18:18+08:00 ] 127.0.0.1 /admin.php?s=/Index/index.html
INFO: [ app_init ] --START--
INFO: Run Behavior\BuildLiteBehavior [ RunTime:0.000000s ]
INFO: Run Common\Behavior\InitHookBehavior [ RunTime:0.001000s ]
INFO: [ app_init ] --END-- [ RunTime:0.002000s ]
INFO: [ app_begin ] --START--
INFO: Run Behavior\ReadHtmlCacheBehavior [ RunTime:0.001000s ]
INFO: [ app_begin ] --END-- [ RunTime:0.001000s ]
SQL: SHOW COLUMNS FROM `dk_menu` [ RunTime:0.1400s ]
SQL: SELECT `id`,`title`,`url` FROM `dk_menu` WHERE `pid` = 0 AND `hide` = 0 ORDER BY sort asc  [ RunTime:0.1210s ]
SQL: SELECT `pid` FROM `dk_menu` WHERE ( pid !=0 AND url like '%Index/index%' ) LIMIT 1   [ RunTime:0.1190s ]

[ 2016-11-25T09:18:20+08:00 ] 127.0.0.1 /admin.php?s=/Teachers/index.html
INFO: [ app_init ] --START--
INFO: Run Behavior\BuildLiteBehavior [ RunTime:0.000000s ]
INFO: Run Common\Behavior\InitHookBehavior [ RunTime:0.001000s ]
INFO: [ app_init ] --END-- [ RunTime:0.001000s ]
INFO: [ app_begin ] --START--
INFO: Run Behavior\ReadHtmlCacheBehavior [ RunTime:0.000000s ]
INFO: [ app_begin ] --END-- [ RunTime:0.000000s ]
SQL: SHOW COLUMNS FROM `dk_menu` [ RunTime:0.1170s ]
SQL: SELECT `id`,`title`,`url` FROM `dk_menu` WHERE `pid` = 0 AND `hide` = 0 ORDER BY sort asc  [ RunTime:0.1160s ]
SQL: SELECT `pid` FROM `dk_menu` WHERE ( pid !=0 AND url like '%Teachers/index%' ) LIMIT 1   [ RunTime:0.1180s ]
SQL: SELECT * FROM `dk_menu` WHERE `id` = 124 LIMIT 1   [ RunTime:0.1170s ]
SQL: SELECT DISTINCT  `group` FROM `dk_menu` WHERE `group` <> '' AND `pid` = 124  [ RunTime:0.1180s ]
SQL: SELECT `id`,`url` FROM `dk_menu` WHERE `pid` = 124 AND `hide` = 0  [ RunTime:0.1170s ]
SQL: SELECT `id`,`pid`,`title`,`url`,`tip` FROM `dk_menu` WHERE `group` = '用户管理' AND `pid` = 124 AND `hide` = 0 ORDER BY sort asc  [ RunTime:0.1170s ]
SQL: SELECT `id`,`pid`,`title`,`url`,`tip` FROM `dk_menu` WHERE `group` = '教室' AND `pid` = 124 AND `hide` = 0 ORDER BY sort asc  [ RunTime:0.1180s ]
SQL: SELECT `id`,`pid`,`title`,`url`,`tip` FROM `dk_menu` WHERE `group` = '课程' AND `pid` = 124 AND `hide` = 0 ORDER BY sort asc  [ RunTime:0.1170s ]
SQL: SELECT `id`,`pid`,`title`,`url`,`tip` FROM `dk_menu` WHERE `group` = '班级' AND `pid` = 124 AND `hide` = 0 ORDER BY sort asc  [ RunTime:0.1180s ]
SQL: SELECT `id`,`pid`,`title`,`url`,`tip` FROM `dk_menu` WHERE `group` = '考勤' AND `pid` = 124 AND `hide` = 0 ORDER BY sort asc  [ RunTime:0.1180s ]
SQL: SELECT `id`,`pid`,`title`,`url`,`tip` FROM `dk_menu` WHERE `group` = ' 通知' AND `pid` = 124 AND `hide` = 0 ORDER BY sort asc  [ RunTime:0.1180s ]
SQL: SELECT `id`,`pid`,`title`,`url`,`tip` FROM `dk_menu` WHERE `group` = '报名' AND `pid` = 124 AND `hide` = 0 ORDER BY sort asc  [ RunTime:0.1210s ]
SQL: SHOW COLUMNS FROM `dk_teachers` [ RunTime:0.1220s ]
SQL: SELECT COUNT(*) AS tp_count FROM `dk_teachers` WHERE `teacher_name` LIKE '%%' LIMIT 1   [ RunTime:0.1170s ]
SQL: SELECT `id`,`teacher_name`,`teacher_phone`,`create_time`,`update_time`,`sort` FROM `dk_teachers` WHERE `teacher_name` LIKE '%%' ORDER BY sort asc LIMIT 0,10   [ RunTime:0.1160s ]
INFO: [ view_parse ] --START--
INFO: [ template_filter ] --START--
INFO: Run Behavior\ContentReplaceBehavior [ RunTime:0.000000s ]
INFO: [ template_filter ] --END-- [ RunTime:0.001000s ]
NOTIC: [8] Undefined variable: meta_title E:\phpStudy\WWW\ydEMBA\Runtime\Cache\Admin\967288625ce25696f1f9d9f1e107a38f.php 第 5 行.
INFO: Run Behavior\ParseTemplateBehavior [ RunTime:0.014001s ]
INFO: [ view_parse ] --END-- [ RunTime:0.014001s ]
INFO: [ view_filter ] --START--
INFO: Run Behavior\WriteHtmlCacheBehavior [ RunTime:0.000000s ]
INFO: [ view_filter ] --END-- [ RunTime:0.000000s ]
INFO: [ app_end ] --START--
INFO: Run Behavior\ShowPageTraceBehavior [ RunTime:0.000000s ]
INFO: [ app_end ] --END-- [ RunTime:0.000000s ]

[ 2016-11-25T09:21:32+08:00 ] 127.0.0.1 /admin.php?s=/Subjects/index.html
INFO: [ app_init ] --START--
INFO: Run Behavior\BuildLiteBehavior [ RunTime:0.000000s ]
INFO: Run Common\Behavior\InitHookBehavior [ RunTime:0.001000s ]
INFO: [ app_init ] --END-- [ RunTime:0.001000s ]
INFO: [ app_begin ] --START--
INFO: Run Behavior\ReadHtmlCacheBehavior [ RunTime:0.001000s ]
INFO: [ app_begin ] --END-- [ RunTime:0.001000s ]
SQL: SHOW COLUMNS FROM `dk_menu` [ RunTime:0.1170s ]
SQL: SELECT `id`,`title`,`url` FROM `dk_menu` WHERE `pid` = 0 AND `hide` = 0 ORDER BY sort asc  [ RunTime:0.1170s ]
SQL: SELECT `pid` FROM `dk_menu` WHERE ( pid !=0 AND url like '%Subjects/index%' ) LIMIT 1   [ RunTime:0.1160s ]
SQL: SELECT * FROM `dk_menu` WHERE `id` = 124 LIMIT 1   [ RunTime:0.1170s ]
SQL: SELECT DISTINCT  `group` FROM `dk_menu` WHERE `group` <> '' AND `pid` = 124  [ RunTime:0.1170s ]
SQL: SELECT `id`,`url` FROM `dk_menu` WHERE `pid` = 124 AND `hide` = 0  [ RunTime:0.1160s ]
SQL: SELECT `id`,`pid`,`title`,`url`,`tip` FROM `dk_menu` WHERE `group` = '用户管理' AND `pid` = 124 AND `hide` = 0 ORDER BY sort asc  [ RunTime:0.1160s ]
SQL: SELECT `id`,`pid`,`title`,`url`,`tip` FROM `dk_menu` WHERE `group` = '教室' AND `pid` = 124 AND `hide` = 0 ORDER BY sort asc  [ RunTime:0.1180s ]
SQL: SELECT `id`,`pid`,`title`,`url`,`tip` FROM `dk_menu` WHERE `group` = '课程' AND `pid` = 124 AND `hide` = 0 ORDER BY sort asc  [ RunTime:0.1160s ]
SQL: SELECT `id`,`pid`,`title`,`url`,`tip` FROM `dk_menu` WHERE `group` = '班级' AND `pid` = 124 AND `hide` = 0 ORDER BY sort asc  [ RunTime:0.1160s ]
SQL: SELECT `id`,`pid`,`title`,`url`,`tip` FROM `dk_menu` WHERE `group` = '考勤' AND `pid` = 124 AND `hide` = 0 ORDER BY sort asc  [ RunTime:0.1160s ]
SQL: SELECT `id`,`pid`,`title`,`url`,`tip` FROM `dk_menu` WHERE `group` = ' 通知' AND `pid` = 124 AND `hide` = 0 ORDER BY sort asc  [ RunTime:0.1170s ]
SQL: SELECT `id`,`pid`,`title`,`url`,`tip` FROM `dk_menu` WHERE `group` = '报名' AND `pid` = 124 AND `hide` = 0 ORDER BY sort asc  [ RunTime:0.1170s ]
NOTIC: [8] Undefined variable: map E:\phpStudy\WWW\ydEMBA\Application\Admin\Controller\SubjectsController.class.php 第 22 行.
SQL: SHOW COLUMNS FROM `dk_subjects` [ RunTime:0.1300s ]
SQL: SELECT COUNT(*) AS tp_count FROM `dk_subjects` LIMIT 1   [ RunTime:0.1160s ]
SQL: SELECT `id`,`subject_name`,`subject_score`,`subject_time` FROM `dk_subjects` ORDER BY id asc LIMIT 0,10   [ RunTime:0.1170s ]
INFO: [ view_parse ] --START--
INFO: [ template_filter ] --START--
INFO: Run Behavior\ContentReplaceBehavior [ RunTime:0.000000s ]
INFO: [ template_filter ] --END-- [ RunTime:0.000000s ]
NOTIC: [8] Undefined variable: meta_title E:\phpStudy\WWW\ydEMBA\Runtime\Cache\Admin\e83dd026c0d5ed2e69d5af2d13b26347.php 第 5 行.
INFO: Run Behavior\ParseTemplateBehavior [ RunTime:0.011000s ]
INFO: [ view_parse ] --END-- [ RunTime:0.011000s ]
INFO: [ view_filter ] --START--
INFO: Run Behavior\WriteHtmlCacheBehavior [ RunTime:0.000000s ]
INFO: [ view_filter ] --END-- [ RunTime:0.000000s ]
INFO: [ app_end ] --START--
INFO: Run Behavior\ShowPageTraceBehavior [ RunTime:0.001000s ]
INFO: [ app_end ] --END-- [ RunTime:0.001000s ]

[ 2016-11-25T09:21:41+08:00 ] 127.0.0.1 /admin.php?s=/ClassHour/index/subject_id/30.html
INFO: [ app_init ] --START--
INFO: Run Behavior\BuildLiteBehavior [ RunTime:0.000000s ]
INFO: Run Common\Behavior\InitHookBehavior [ RunTime:0.001001s ]
INFO: [ app_init ] --END-- [ RunTime:0.001001s ]
INFO: [ app_begin ] --START--
INFO: Run Behavior\ReadHtmlCacheBehavior [ RunTime:0.000000s ]
INFO: [ app_begin ] --END-- [ RunTime:0.000000s ]
SQL: SHOW COLUMNS FROM `dk_menu` [ RunTime:0.1180s ]
SQL: SELECT `id`,`title`,`url` FROM `dk_menu` WHERE `pid` = 0 AND `hide` = 0 ORDER BY sort asc  [ RunTime:0.1190s ]
SQL: SELECT `pid` FROM `dk_menu` WHERE ( pid !=0 AND url like '%ClassHour/index%' ) LIMIT 1   [ RunTime:0.1180s ]
SQL: SELECT * FROM `dk_menu` WHERE `id` = 124 LIMIT 1   [ RunTime:0.1180s ]
SQL: SELECT DISTINCT  `group` FROM `dk_menu` WHERE `group` <> '' AND `pid` = 124  [ RunTime:0.1170s ]
SQL: SELECT `id`,`url` FROM `dk_menu` WHERE `pid` = 124 AND `hide` = 0  [ RunTime:0.1200s ]
SQL: SELECT `id`,`pid`,`title`,`url`,`tip` FROM `dk_menu` WHERE `group` = '用户管理' AND `pid` = 124 AND `hide` = 0 ORDER BY sort asc  [ RunTime:0.1180s ]
SQL: SELECT `id`,`pid`,`title`,`url`,`tip` FROM `dk_menu` WHERE `group` = '教室' AND `pid` = 124 AND `hide` = 0 ORDER BY sort asc  [ RunTime:0.1180s ]
SQL: SELECT `id`,`pid`,`title`,`url`,`tip` FROM `dk_menu` WHERE `group` = '课程' AND `pid` = 124 AND `hide` = 0 ORDER BY sort asc  [ RunTime:0.1180s ]
SQL: SELECT `id`,`pid`,`title`,`url`,`tip` FROM `dk_menu` WHERE `group` = '班级' AND `pid` = 124 AND `hide` = 0 ORDER BY sort asc  [ RunTime:0.1170s ]
SQL: SELECT `id`,`pid`,`title`,`url`,`tip` FROM `dk_menu` WHERE `group` = '考勤' AND `pid` = 124 AND `hide` = 0 ORDER BY sort asc  [ RunTime:0.1170s ]
SQL: SELECT `id`,`pid`,`title`,`url`,`tip` FROM `dk_menu` WHERE `group` = ' 通知' AND `pid` = 124 AND `hide` = 0 ORDER BY sort asc  [ RunTime:0.1170s ]
SQL: SELECT `id`,`pid`,`title`,`url`,`tip` FROM `dk_menu` WHERE `group` = '报名' AND `pid` = 124 AND `hide` = 0 ORDER BY sort asc  [ RunTime:0.1180s ]
SQL: SHOW COLUMNS FROM `dk_class_hour` [ RunTime:0.1320s ]
SQL: SELECT COUNT(*) AS tp_count FROM `dk_class_hour` WHERE `subject_id` = '30' LIMIT 1   [ RunTime:0.1180s ]
SQL: SELECT `id`,`subject_id`,`teacher_id`,`class_room_id`,`start_time`,`end_time`,`create_time`,`update_time`,`sort`,`date` FROM `dk_class_hour` WHERE `subject_id` = '30' ORDER BY start_time asc LIMIT 0,10   [ RunTime:0.1180s ]
SQL: SHOW COLUMNS FROM `dk_subjects` [ RunTime:0.1180s ]
SQL: SELECT `subject_name` FROM `dk_subjects` WHERE `id` = 30 LIMIT 1   [ RunTime:0.1180s ]
SQL: SHOW COLUMNS FROM `dk_teachers` [ RunTime:0.1190s ]
SQL: SELECT `teacher_name` FROM `dk_teachers` WHERE `id` = 3 LIMIT 1   [ RunTime:0.1220s ]
SQL: SHOW COLUMNS FROM `dk_class_room` [ RunTime:0.1250s ]
SQL: SELECT `class_room_name` FROM `dk_class_room` WHERE `id` = 9 LIMIT 1   [ RunTime:0.1180s ]
SQL: SELECT `subject_name` FROM `dk_subjects` WHERE `id` = 30 LIMIT 1   [ RunTime:0.1180s ]
SQL: SELECT `teacher_name` FROM `dk_teachers` WHERE `id` = 4 LIMIT 1   [ RunTime:0.1170s ]
SQL: SELECT `class_room_name` FROM `dk_class_room` WHERE `id` = 5 LIMIT 1   [ RunTime:0.1180s ]
INFO: [ view_parse ] --START--
INFO: [ template_filter ] --START--
INFO: Run Behavior\ContentReplaceBehavior [ RunTime:0.000000s ]
INFO: [ template_filter ] --END-- [ RunTime:0.000000s ]
NOTIC: [8] Undefined variable: meta_title E:\phpStudy\WWW\ydEMBA\Runtime\Cache\Admin\a04043b29fc8b9eb743d5217fa20496a.php 第 5 行.
INFO: Run Behavior\ParseTemplateBehavior [ RunTime:0.012001s ]
INFO: [ view_parse ] --END-- [ RunTime:0.012001s ]
INFO: [ view_filter ] --START--
INFO: Run Behavior\WriteHtmlCacheBehavior [ RunTime:0.000000s ]
INFO: [ view_filter ] --END-- [ RunTime:0.000000s ]
INFO: [ app_end ] --START--
INFO: Run Behavior\ShowPageTraceBehavior [ RunTime:0.000000s ]
INFO: [ app_end ] --END-- [ RunTime:0.001000s ]

[ 2016-11-25T09:21:50+08:00 ] 127.0.0.1 /admin.php?s=/ClassHour/index/subject_id/30.html
INFO: [ app_init ] --START--
INFO: Run Behavior\BuildLiteBehavior [ RunTime:0.000000s ]
INFO: Run Common\Behavior\InitHookBehavior [ RunTime:0.002000s ]
INFO: [ app_init ] --END-- [ RunTime:0.002000s ]
INFO: [ app_begin ] --START--
INFO: Run Behavior\ReadHtmlCacheBehavior [ RunTime:0.001000s ]
INFO: [ app_begin ] --END-- [ RunTime:0.001000s ]
SQL: SHOW COLUMNS FROM `dk_menu` [ RunTime:0.1210s ]
SQL: SELECT `id`,`title`,`url` FROM `dk_menu` WHERE `pid` = 0 AND `hide` = 0 ORDER BY sort asc  [ RunTime:0.1200s ]
SQL: SELECT `pid` FROM `dk_menu` WHERE ( pid !=0 AND url like '%ClassHour/index%' ) LIMIT 1   [ RunTime:0.1210s ]
SQL: SELECT * FROM `dk_menu` WHERE `id` = 124 LIMIT 1   [ RunTime:0.1220s ]
SQL: SELECT DISTINCT  `group` FROM `dk_menu` WHERE `group` <> '' AND `pid` = 124  [ RunTime:0.1200s ]
SQL: SELECT `id`,`url` FROM `dk_menu` WHERE `pid` = 124 AND `hide` = 0  [ RunTime:0.1210s ]
SQL: SELECT `id`,`pid`,`title`,`url`,`tip` FROM `dk_menu` WHERE `group` = '用户管理' AND `pid` = 124 AND `hide` = 0 ORDER BY sort asc  [ RunTime:0.1210s ]
SQL: SELECT `id`,`pid`,`title`,`url`,`tip` FROM `dk_menu` WHERE `group` = '教室' AND `pid` = 124 AND `hide` = 0 ORDER BY sort asc  [ RunTime:0.1200s ]
SQL: SELECT `id`,`pid`,`title`,`url`,`tip` FROM `dk_menu` WHERE `group` = '课程' AND `pid` = 124 AND `hide` = 0 ORDER BY sort asc  [ RunTime:0.1200s ]
SQL: SELECT `id`,`pid`,`title`,`url`,`tip` FROM `dk_menu` WHERE `group` = '班级' AND `pid` = 124 AND `hide` = 0 ORDER BY sort asc  [ RunTime:0.1210s ]
SQL: SELECT `id`,`pid`,`title`,`url`,`tip` FROM `dk_menu` WHERE `group` = '考勤' AND `pid` = 124 AND `hide` = 0 ORDER BY sort asc  [ RunTime:0.1210s ]
SQL: SELECT `id`,`pid`,`title`,`url`,`tip` FROM `dk_menu` WHERE `group` = ' 通知' AND `pid` = 124 AND `hide` = 0 ORDER BY sort asc  [ RunTime:0.1210s ]
SQL: SELECT `id`,`pid`,`title`,`url`,`tip` FROM `dk_menu` WHERE `group` = '报名' AND `pid` = 124 AND `hide` = 0 ORDER BY sort asc  [ RunTime:0.1210s ]
SQL: SHOW COLUMNS FROM `dk_class_hour` [ RunTime:0.1210s ]
SQL: SELECT COUNT(*) AS tp_count FROM `dk_class_hour` WHERE `subject_id` = '30' LIMIT 1   [ RunTime:0.1210s ]
SQL: SELECT `id`,`subject_id`,`teacher_id`,`class_room_id`,`start_time`,`end_time`,`create_time`,`update_time`,`sort`,`date` FROM `dk_class_hour` WHERE `subject_id` = '30' ORDER BY start_time asc LIMIT 0,10   [ RunTime:0.1210s ]
SQL: SHOW COLUMNS FROM `dk_subjects` [ RunTime:0.1220s ]
SQL: SELECT `subject_name` FROM `dk_subjects` WHERE `id` = 30 LIMIT 1   [ RunTime:0.1200s ]
SQL: SHOW COLUMNS FROM `dk_teachers` [ RunTime:0.1200s ]
SQL: SELECT `teacher_name` FROM `dk_teachers` WHERE `id` = 3 LIMIT 1   [ RunTime:0.1200s ]
SQL: SHOW COLUMNS FROM `dk_class_room` [ RunTime:0.1220s ]
SQL: SELECT `class_room_name` FROM `dk_class_room` WHERE `id` = 9 LIMIT 1   [ RunTime:0.1210s ]
SQL: SELECT `subject_name` FROM `dk_subjects` WHERE `id` = 30 LIMIT 1   [ RunTime:0.1210s ]
SQL: SELECT `teacher_name` FROM `dk_teachers` WHERE `id` = 4 LIMIT 1   [ RunTime:0.1220s ]
SQL: SELECT `class_room_name` FROM `dk_class_room` WHERE `id` = 5 LIMIT 1   [ RunTime:0.1230s ]
INFO: [ view_parse ] --START--
INFO: [ template_filter ] --START--
INFO: Run Behavior\ContentReplaceBehavior [ RunTime:0.000000s ]
INFO: [ template_filter ] --END-- [ RunTime:0.000000s ]
NOTIC: [8] Undefined variable: meta_title E:\phpStudy\WWW\ydEMBA\Runtime\Cache\Admin\a04043b29fc8b9eb743d5217fa20496a.php 第 5 行.
INFO: Run Behavior\ParseTemplateBehavior [ RunTime:0.011000s ]
INFO: [ view_parse ] --END-- [ RunTime:0.011000s ]
INFO: [ view_filter ] --START--
INFO: Run Behavior\WriteHtmlCacheBehavior [ RunTime:0.000000s ]
INFO: [ view_filter ] --END-- [ RunTime:0.000000s ]
INFO: [ app_end ] --START--
INFO: Run Behavior\ShowPageTraceBehavior [ RunTime:0.000000s ]
INFO: [ app_end ] --END-- [ RunTime:0.000000s ]

[ 2016-11-25T09:22:03+08:00 ] 127.0.0.1 /admin.php?s=/ClassHour/index/subject_id/30.html
INFO: [ app_init ] --START--
INFO: Run Behavior\BuildLiteBehavior [ RunTime:0.000000s ]
INFO: Run Common\Behavior\InitHookBehavior [ RunTime:0.002000s ]
INFO: [ app_init ] --END-- [ RunTime:0.002000s ]
INFO: [ app_begin ] --START--
INFO: Run Behavior\ReadHtmlCacheBehavior [ RunTime:0.001000s ]
INFO: [ app_begin ] --END-- [ RunTime:0.001000s ]
SQL: SHOW COLUMNS FROM `dk_menu` [ RunTime:0.1180s ]
SQL: SELECT `id`,`title`,`url` FROM `dk_menu` WHERE `pid` = 0 AND `hide` = 0 ORDER BY sort asc  [ RunTime:0.1170s ]
SQL: SELECT `pid` FROM `dk_menu` WHERE ( pid !=0 AND url like '%ClassHour/index%' ) LIMIT 1   [ RunTime:0.1180s ]
SQL: SELECT * FROM `dk_menu` WHERE `id` = 124 LIMIT 1   [ RunTime:0.1170s ]
SQL: SELECT DISTINCT  `group` FROM `dk_menu` WHERE `group` <> '' AND `pid` = 124  [ RunTime:0.1180s ]
SQL: SELECT `id`,`url` FROM `dk_menu` WHERE `pid` = 124 AND `hide` = 0  [ RunTime:0.1180s ]
SQL: SELECT `id`,`pid`,`title`,`url`,`tip` FROM `dk_menu` WHERE `group` = '用户管理' AND `pid` = 124 AND `hide` = 0 ORDER BY sort asc  [ RunTime:0.1190s ]
SQL: SELECT `id`,`pid`,`title`,`url`,`tip` FROM `dk_menu` WHERE `group` = '教室' AND `pid` = 124 AND `hide` = 0 ORDER BY sort asc  [ RunTime:0.1180s ]
SQL: SELECT `id`,`pid`,`title`,`url`,`tip` FROM `dk_menu` WHERE `group` = '课程' AND `pid` = 124 AND `hide` = 0 ORDER BY sort asc  [ RunTime:0.1200s ]
SQL: SELECT `id`,`pid`,`title`,`url`,`tip` FROM `dk_menu` WHERE `group` = '班级' AND `pid` = 124 AND `hide` = 0 ORDER BY sort asc  [ RunTime:0.1180s ]
SQL: SELECT `id`,`pid`,`title`,`url`,`tip` FROM `dk_menu` WHERE `group` = '考勤' AND `pid` = 124 AND `hide` = 0 ORDER BY sort asc  [ RunTime:0.1180s ]
SQL: SELECT `id`,`pid`,`title`,`url`,`tip` FROM `dk_menu` WHERE `group` = ' 通知' AND `pid` = 124 AND `hide` = 0 ORDER BY sort asc  [ RunTime:0.1180s ]
SQL: SELECT `id`,`pid`,`title`,`url`,`tip` FROM `dk_menu` WHERE `group` = '报名' AND `pid` = 124 AND `hide` = 0 ORDER BY sort asc  [ RunTime:0.1180s ]
SQL: SHOW COLUMNS FROM `dk_class_hour` [ RunTime:0.1180s ]
SQL: SELECT COUNT(*) AS tp_count FROM `dk_class_hour` WHERE `subject_id` = '30' LIMIT 1   [ RunTime:0.1170s ]
SQL: SELECT `id`,`subject_id`,`teacher_id`,`class_room_id`,`start_time`,`end_time`,`create_time`,`update_time`,`sort`,`date` FROM `dk_class_hour` WHERE `subject_id` = '30' ORDER BY start_time asc LIMIT 0,10   [ RunTime:0.1170s ]
SQL: SHOW COLUMNS FROM `dk_subjects` [ RunTime:0.1180s ]
SQL: SELECT `subject_name` FROM `dk_subjects` WHERE `id` = 30 LIMIT 1   [ RunTime:0.1200s ]
SQL: SHOW COLUMNS FROM `dk_teachers` [ RunTime:0.1190s ]
SQL: SELECT `teacher_name` FROM `dk_teachers` WHERE `id` = 3 LIMIT 1   [ RunTime:0.1170s ]
SQL: SHOW COLUMNS FROM `dk_class_room` [ RunTime:0.1190s ]
SQL: SELECT `class_room_name` FROM `dk_class_room` WHERE `id` = 9 LIMIT 1   [ RunTime:0.1170s ]
SQL: SELECT `subject_name` FROM `dk_subjects` WHERE `id` = 30 LIMIT 1   [ RunTime:0.1190s ]
SQL: SELECT `teacher_name` FROM `dk_teachers` WHERE `id` = 4 LIMIT 1   [ RunTime:0.1170s ]
SQL: SELECT `class_room_name` FROM `dk_class_room` WHERE `id` = 5 LIMIT 1   [ RunTime:0.1180s ]
INFO: [ view_parse ] --START--
INFO: [ template_filter ] --START--
INFO: Run Behavior\ContentReplaceBehavior [ RunTime:0.000000s ]
INFO: [ template_filter ] --END-- [ RunTime:0.000000s ]
NOTIC: [8] Undefined variable: meta_title E:\phpStudy\WWW\ydEMBA\Runtime\Cache\Admin\a04043b29fc8b9eb743d5217fa20496a.php 第 5 行.
INFO: Run Behavior\ParseTemplateBehavior [ RunTime:0.020001s ]
INFO: [ view_parse ] --END-- [ RunTime:0.020001s ]
INFO: [ view_filter ] --START--
INFO: Run Behavior\WriteHtmlCacheBehavior [ RunTime:0.000000s ]
INFO: [ view_filter ] --END-- [ RunTime:0.000000s ]
INFO: [ app_end ] --START--
INFO: Run Behavior\ShowPageTraceBehavior [ RunTime:0.001000s ]
INFO: [ app_end ] --END-- [ RunTime:0.001000s ]

[ 2016-11-25T09:22:13+08:00 ] 127.0.0.1 /admin.php?s=/ClassHour/adds/subject_id/30.html
INFO: [ app_init ] --START--
INFO: Run Behavior\BuildLiteBehavior [ RunTime:0.000000s ]
INFO: Run Common\Behavior\InitHookBehavior [ RunTime:0.001000s ]
INFO: [ app_init ] --END-- [ RunTime:0.002000s ]
INFO: [ app_begin ] --START--
INFO: Run Behavior\ReadHtmlCacheBehavior [ RunTime:0.001000s ]
INFO: [ app_begin ] --END-- [ RunTime:0.001000s ]
SQL: SHOW COLUMNS FROM `dk_menu` [ RunTime:0.1170s ]
SQL: SELECT `id`,`title`,`url` FROM `dk_menu` WHERE `pid` = 0 AND `hide` = 0 ORDER BY sort asc  [ RunTime:0.1170s ]
SQL: SELECT `pid` FROM `dk_menu` WHERE ( pid !=0 AND url like '%ClassHour/adds%' ) LIMIT 1   [ RunTime:0.1160s ]
SQL: SELECT * FROM `dk_menu` WHERE `id` = 138 LIMIT 1   [ RunTime:0.1170s ]
SQL: SELECT * FROM `dk_menu` WHERE `id` = 124 LIMIT 1   [ RunTime:0.1170s ]
SQL: SELECT DISTINCT  `group` FROM `dk_menu` WHERE `group` <> '' AND `pid` = 124  [ RunTime:0.1160s ]
SQL: SELECT `id`,`url` FROM `dk_menu` WHERE `pid` = 124 AND `hide` = 0  [ RunTime:0.1170s ]
SQL: SELECT `id`,`pid`,`title`,`url`,`tip` FROM `dk_menu` WHERE `group` = '用户管理' AND `pid` = 124 AND `hide` = 0 ORDER BY sort asc  [ RunTime:0.1160s ]
SQL: SELECT `id`,`pid`,`title`,`url`,`tip` FROM `dk_menu` WHERE `group` = '教室' AND `pid` = 124 AND `hide` = 0 ORDER BY sort asc  [ RunTime:0.1170s ]
SQL: SELECT `id`,`pid`,`title`,`url`,`tip` FROM `dk_menu` WHERE `group` = '课程' AND `pid` = 124 AND `hide` = 0 ORDER BY sort asc  [ RunTime:0.1170s ]
SQL: SELECT `id`,`pid`,`title`,`url`,`tip` FROM `dk_menu` WHERE `group` = '班级' AND `pid` = 124 AND `hide` = 0 ORDER BY sort asc  [ RunTime:0.1160s ]
SQL: SELECT `id`,`pid`,`title`,`url`,`tip` FROM `dk_menu` WHERE `group` = '考勤' AND `pid` = 124 AND `hide` = 0 ORDER BY sort asc  [ RunTime:0.1170s ]
SQL: SELECT `id`,`pid`,`title`,`url`,`tip` FROM `dk_menu` WHERE `group` = ' 通知' AND `pid` = 124 AND `hide` = 0 ORDER BY sort asc  [ RunTime:0.1190s ]
SQL: SELECT `id`,`pid`,`title`,`url`,`tip` FROM `dk_menu` WHERE `group` = '报名' AND `pid` = 124 AND `hide` = 0 ORDER BY sort asc  [ RunTime:0.1160s ]
SQL: SHOW COLUMNS FROM `dk_class_room` [ RunTime:0.1170s ]
SQL: SELECT `id`,`class_room_name` FROM `dk_class_room`  [ RunTime:0.1160s ]
SQL: SHOW COLUMNS FROM `dk_teachers` [ RunTime:0.1180s ]
SQL: SELECT `id`,`teacher_name` FROM `dk_teachers`  [ RunTime:0.1160s ]
SQL: SHOW COLUMNS FROM `dk_subjects` [ RunTime:0.1170s ]
SQL: SELECT `subject_name` FROM `dk_subjects` WHERE `id` = 30 LIMIT 1   [ RunTime:0.1170s ]
INFO: [ view_parse ] --START--
INFO: [ template_filter ] --START--
INFO: Run Behavior\ContentReplaceBehavior [ RunTime:0.001000s ]
INFO: [ template_filter ] --END-- [ RunTime:0.001000s ]
NOTIC: [8] Undefined variable: meta_title E:\phpStudy\WWW\ydEMBA\Runtime\Cache\Admin\dff0c0b502f97f99816365e38c670545.php 第 5 行.
NOTIC: [8] Undefined variable: data E:\phpStudy\WWW\ydEMBA\Runtime\Cache\Admin\dff0c0b502f97f99816365e38c670545.php 第 125 行.
INFO: Run Behavior\ParseTemplateBehavior [ RunTime:0.013000s ]
INFO: [ view_parse ] --END-- [ RunTime:0.013000s ]
INFO: [ view_filter ] --START--
INFO: Run Behavior\WriteHtmlCacheBehavior [ RunTime:0.000000s ]
INFO: [ view_filter ] --END-- [ RunTime:0.000000s ]
INFO: [ app_end ] --START--
INFO: Run Behavior\ShowPageTraceBehavior [ RunTime:0.001000s ]
INFO: [ app_end ] --END-- [ RunTime:0.001000s ]

[ 2016-11-25T09:24:21+08:00 ] 127.0.0.1 /admin.php?s=/ClassHour/adds.html
INFO: [ app_init ] --START--
INFO: Run Behavior\BuildLiteBehavior [ RunTime:0.000000s ]
INFO: Run Common\Behavior\InitHookBehavior [ RunTime:0.000000s ]
INFO: [ app_init ] --END-- [ RunTime:0.000000s ]
INFO: [ app_begin ] --START--
INFO: Run Behavior\ReadHtmlCacheBehavior [ RunTime:0.000000s ]
INFO: [ app_begin ] --END-- [ RunTime:0.000000s ]
SQL: SHOW COLUMNS FROM `dk_menu` [ RunTime:0.1248s ]
SQL: SELECT `id`,`title`,`url` FROM `dk_menu` WHERE `pid` = 0 AND `hide` = 0 ORDER BY sort asc  [ RunTime:0.1092s ]
SQL: SELECT `pid` FROM `dk_menu` WHERE ( pid !=0 AND url like '%ClassHour/adds%' ) LIMIT 1   [ RunTime:0.1248s ]
SQL: SELECT * FROM `dk_menu` WHERE `id` = 138 LIMIT 1   [ RunTime:0.1092s ]
SQL: SELECT * FROM `dk_menu` WHERE `id` = 124 LIMIT 1   [ RunTime:0.1248s ]
SQL: SELECT DISTINCT  `group` FROM `dk_menu` WHERE `group` <> '' AND `pid` = 124  [ RunTime:0.1092s ]
SQL: SELECT `id`,`url` FROM `dk_menu` WHERE `pid` = 124 AND `hide` = 0  [ RunTime:0.1248s ]
SQL: SELECT `id`,`pid`,`title`,`url`,`tip` FROM `dk_menu` WHERE `group` = '用户管理' AND `pid` = 124 AND `hide` = 0 ORDER BY sort asc  [ RunTime:0.1248s ]
SQL: SELECT `id`,`pid`,`title`,`url`,`tip` FROM `dk_menu` WHERE `group` = '教室' AND `pid` = 124 AND `hide` = 0 ORDER BY sort asc  [ RunTime:0.1092s ]
SQL: SELECT `id`,`pid`,`title`,`url`,`tip` FROM `dk_menu` WHERE `group` = '课程' AND `pid` = 124 AND `hide` = 0 ORDER BY sort asc  [ RunTime:0.1248s ]
SQL: SELECT `id`,`pid`,`title`,`url`,`tip` FROM `dk_menu` WHERE `group` = '班级' AND `pid` = 124 AND `hide` = 0 ORDER BY sort asc  [ RunTime:0.1092s ]
SQL: SELECT `id`,`pid`,`title`,`url`,`tip` FROM `dk_menu` WHERE `group` = '考勤' AND `pid` = 124 AND `hide` = 0 ORDER BY sort asc  [ RunTime:0.1248s ]
SQL: SELECT `id`,`pid`,`title`,`url`,`tip` FROM `dk_menu` WHERE `group` = ' 通知' AND `pid` = 124 AND `hide` = 0 ORDER BY sort asc  [ RunTime:0.1092s ]
SQL: SELECT `id`,`pid`,`title`,`url`,`tip` FROM `dk_menu` WHERE `group` = '报名' AND `pid` = 124 AND `hide` = 0 ORDER BY sort asc  [ RunTime:0.1248s ]

[ 2016-11-25T20:06:30+08:00 ] 127.0.0.1 /admin.php?s=/Notice/index.html
INFO: [ app_init ] --START--
INFO: Run Behavior\BuildLiteBehavior [ RunTime:0.000000s ]
INFO: Run Common\Behavior\InitHookBehavior [ RunTime:0.004000s ]
INFO: [ app_init ] --END-- [ RunTime:0.005000s ]
INFO: [ app_begin ] --START--
INFO: Run Behavior\ReadHtmlCacheBehavior [ RunTime:0.001000s ]
INFO: [ app_begin ] --END-- [ RunTime:0.001000s ]
SQL: SHOW COLUMNS FROM `dk_menu` [ RunTime:0.1210s ]
SQL: SELECT `id`,`title`,`url` FROM `dk_menu` WHERE `pid` = 0 AND `hide` = 0 ORDER BY sort asc  [ RunTime:0.1330s ]
SQL: SELECT `pid` FROM `dk_menu` WHERE ( pid !=0 AND url like '%Notice/index%' ) LIMIT 1   [ RunTime:0.1320s ]
SQL: SELECT * FROM `dk_menu` WHERE `id` = 124 LIMIT 1   [ RunTime:0.1340s ]
SQL: SELECT DISTINCT  `group` FROM `dk_menu` WHERE `group` <> '' AND `pid` = 124  [ RunTime:0.1310s ]
SQL: SELECT `id`,`url` FROM `dk_menu` WHERE `pid` = 124 AND `hide` = 0  [ RunTime:0.1170s ]
SQL: SELECT `id`,`pid`,`title`,`url`,`tip` FROM `dk_menu` WHERE `group` = '用户管理' AND `pid` = 124 AND `hide` = 0 ORDER BY sort asc  [ RunTime:0.1170s ]
SQL: SELECT `id`,`pid`,`title`,`url`,`tip` FROM `dk_menu` WHERE `group` = '教室' AND `pid` = 124 AND `hide` = 0 ORDER BY sort asc  [ RunTime:0.1190s ]
SQL: SELECT `id`,`pid`,`title`,`url`,`tip` FROM `dk_menu` WHERE `group` = '课程' AND `pid` = 124 AND `hide` = 0 ORDER BY sort asc  [ RunTime:0.1190s ]
SQL: SELECT `id`,`pid`,`title`,`url`,`tip` FROM `dk_menu` WHERE `group` = '班级' AND `pid` = 124 AND `hide` = 0 ORDER BY sort asc  [ RunTime:0.1160s ]
SQL: SELECT `id`,`pid`,`title`,`url`,`tip` FROM `dk_menu` WHERE `group` = '考勤' AND `pid` = 124 AND `hide` = 0 ORDER BY sort asc  [ RunTime:0.1170s ]
SQL: SELECT `id`,`pid`,`title`,`url`,`tip` FROM `dk_menu` WHERE `group` = ' 通知' AND `pid` = 124 AND `hide` = 0 ORDER BY sort asc  [ RunTime:0.1220s ]
SQL: SELECT `id`,`pid`,`title`,`url`,`tip` FROM `dk_menu` WHERE `group` = '报名' AND `pid` = 124 AND `hide` = 0 ORDER BY sort asc  [ RunTime:0.1170s ]
SQL: SHOW COLUMNS FROM `dk_notice` [ RunTime:0.1540s ]
SQL: SHOW COLUMNS FROM `dk_wx_tpl` [ RunTime:0.1240s ]
SQL: SHOW COLUMNS FROM `dk_students` [ RunTime:0.1270s ]
SQL: SHOW COLUMNS FROM `dk_class` [ RunTime:0.1450s ]
SQL: SHOW COLUMNS FROM `dk_class_years` [ RunTime:0.1300s ]
SQL: SELECT `id`,`title` FROM `dk_wx_tpl`  [ RunTime:0.1240s ]
SQL: SHOW COLUMNS FROM `dk_students` [ RunTime:0.1180s ]
SQL: SELECT COUNT(*) AS tp_count FROM dk_students s,dk_class c,dk_class_years y,dk_notice n WHERE ( n.user_id = s.id and s.class_id = c.id and c.class_year_id =y.id ) LIMIT 1   [ RunTime:0.1240s ]
SQL: SHOW COLUMNS FROM `dk_students` [ RunTime:0.1180s ]
SQL: SELECT n.id,n.title,n.time,n.sender,s.username,c.class_name,y.year_name FROM dk_students s,dk_class c,dk_class_years y,dk_notice n WHERE ( n.user_id = s.id and s.class_id = c.id and c.class_year_id =y.id ) ORDER BY time DESC LIMIT 0,10   [ RunTime:0.1220s ]
INFO: [ view_parse ] --START--
INFO: [ template_filter ] --START--
INFO: Run Behavior\ContentReplaceBehavior [ RunTime:0.000000s ]
INFO: [ template_filter ] --END-- [ RunTime:0.000000s ]
NOTIC: [8] Undefined variable: meta_title E:\phpStudy\WWW\ydEMBA\Runtime\Cache\Admin\494a945433229670ee08b77a7d2252c2.php 第 5 行.
NOTIC: [8] Undefined variable: subjects E:\phpStudy\WWW\ydEMBA\Runtime\Cache\Admin\494a945433229670ee08b77a7d2252c2.php 第 117 行.
NOTIC: [8] Undefined variable: keyword E:\phpStudy\WWW\ydEMBA\Runtime\Cache\Admin\494a945433229670ee08b77a7d2252c2.php 第 125 行.
INFO: Run Behavior\ParseTemplateBehavior [ RunTime:0.018001s ]
INFO: [ view_parse ] --END-- [ RunTime:0.018001s ]
INFO: [ view_filter ] --START--
INFO: Run Behavior\WriteHtmlCacheBehavior [ RunTime:0.001000s ]
INFO: [ view_filter ] --END-- [ RunTime:0.001000s ]
INFO: [ app_end ] --START--
INFO: Run Behavior\ShowPageTraceBehavior [ RunTime:0.001000s ]
INFO: [ app_end ] --END-- [ RunTime:0.001000s ]

[ 2016-11-25T20:06:35+08:00 ] 127.0.0.1 /admin.php?s=/Notice/add.html
INFO: [ app_init ] --START--
INFO: Run Behavior\BuildLiteBehavior [ RunTime:0.000000s ]
INFO: Run Common\Behavior\InitHookBehavior [ RunTime:0.002000s ]
INFO: [ app_init ] --END-- [ RunTime:0.002000s ]
INFO: [ app_begin ] --START--
INFO: Run Behavior\ReadHtmlCacheBehavior [ RunTime:0.001000s ]
INFO: [ app_begin ] --END-- [ RunTime:0.001000s ]
SQL: SHOW COLUMNS FROM `dk_menu` [ RunTime:0.1200s ]
SQL: SELECT `id`,`title`,`url` FROM `dk_menu` WHERE `pid` = 0 AND `hide` = 0 ORDER BY sort asc  [ RunTime:0.1280s ]
SQL: SELECT `pid` FROM `dk_menu` WHERE ( pid !=0 AND url like '%Notice/add%' ) LIMIT 1   [ RunTime:0.1250s ]
SQL: SELECT * FROM `dk_menu` WHERE `id` = 164 LIMIT 1   [ RunTime:0.1210s ]
SQL: SELECT * FROM `dk_menu` WHERE `id` = 124 LIMIT 1   [ RunTime:0.1350s ]
SQL: SELECT DISTINCT  `group` FROM `dk_menu` WHERE `group` <> '' AND `pid` = 124  [ RunTime:0.1200s ]
SQL: SELECT `id`,`url` FROM `dk_menu` WHERE `pid` = 124 AND `hide` = 0  [ RunTime:0.1200s ]
SQL: SELECT `id`,`pid`,`title`,`url`,`tip` FROM `dk_menu` WHERE `group` = '用户管理' AND `pid` = 124 AND `hide` = 0 ORDER BY sort asc  [ RunTime:0.1370s ]
SQL: SELECT `id`,`pid`,`title`,`url`,`tip` FROM `dk_menu` WHERE `group` = '教室' AND `pid` = 124 AND `hide` = 0 ORDER BY sort asc  [ RunTime:0.1350s ]
SQL: SELECT `id`,`pid`,`title`,`url`,`tip` FROM `dk_menu` WHERE `group` = '课程' AND `pid` = 124 AND `hide` = 0 ORDER BY sort asc  [ RunTime:0.1360s ]
SQL: SELECT `id`,`pid`,`title`,`url`,`tip` FROM `dk_menu` WHERE `group` = '班级' AND `pid` = 124 AND `hide` = 0 ORDER BY sort asc  [ RunTime:0.1360s ]
SQL: SELECT `id`,`pid`,`title`,`url`,`tip` FROM `dk_menu` WHERE `group` = '考勤' AND `pid` = 124 AND `hide` = 0 ORDER BY sort asc  [ RunTime:0.1280s ]
SQL: SELECT `id`,`pid`,`title`,`url`,`tip` FROM `dk_menu` WHERE `group` = ' 通知' AND `pid` = 124 AND `hide` = 0 ORDER BY sort asc  [ RunTime:0.1200s ]
SQL: SELECT `id`,`pid`,`title`,`url`,`tip` FROM `dk_menu` WHERE `group` = '报名' AND `pid` = 124 AND `hide` = 0 ORDER BY sort asc  [ RunTime:0.1210s ]
SQL: SHOW COLUMNS FROM `dk_notice` [ RunTime:0.1400s ]
SQL: SHOW COLUMNS FROM `dk_wx_tpl` [ RunTime:0.1210s ]
SQL: SHOW COLUMNS FROM `dk_students` [ RunTime:0.1210s ]
SQL: SHOW COLUMNS FROM `dk_class` [ RunTime:0.1220s ]
SQL: SHOW COLUMNS FROM `dk_class_years` [ RunTime:0.1210s ]
SQL: SELECT `id`,`title` FROM `dk_wx_tpl`  [ RunTime:0.1280s ]
INFO: [ view_parse ] --START--
INFO: [ template_filter ] --START--
INFO: Run Behavior\ContentReplaceBehavior [ RunTime:0.000000s ]
INFO: [ template_filter ] --END-- [ RunTime:0.000000s ]
NOTIC: [8] Undefined variable: meta_title E:\phpStudy\WWW\ydEMBA\Runtime\Cache\Admin\7f08e53135ef0abf7168cefb24839964.php 第 5 行.
NOTIC: [8] Undefined variable: curr_template E:\phpStudy\WWW\ydEMBA\Runtime\Cache\Admin\7f08e53135ef0abf7168cefb24839964.php 第 99 行.
NOTIC: [8] Undefined variable: curr_template E:\phpStudy\WWW\ydEMBA\Runtime\Cache\Admin\7f08e53135ef0abf7168cefb24839964.php 第 99 行.
NOTIC: [8] Undefined variable: curr_template E:\phpStudy\WWW\ydEMBA\Runtime\Cache\Admin\7f08e53135ef0abf7168cefb24839964.php 第 99 行.
NOTIC: [8] Undefined variable: curr_template E:\phpStudy\WWW\ydEMBA\Runtime\Cache\Admin\7f08e53135ef0abf7168cefb24839964.php 第 99 行.
NOTIC: [8] Undefined variable: curr_template E:\phpStudy\WWW\ydEMBA\Runtime\Cache\Admin\7f08e53135ef0abf7168cefb24839964.php 第 99 行.
NOTIC: [8] Undefined variable: curr_template E:\phpStudy\WWW\ydEMBA\Runtime\Cache\Admin\7f08e53135ef0abf7168cefb24839964.php 第 99 行.
NOTIC: [8] Undefined variable: curr_template E:\phpStudy\WWW\ydEMBA\Runtime\Cache\Admin\7f08e53135ef0abf7168cefb24839964.php 第 99 行.
NOTIC: [8] Undefined variable: curr_template E:\phpStudy\WWW\ydEMBA\Runtime\Cache\Admin\7f08e53135ef0abf7168cefb24839964.php 第 99 行.
NOTIC: [8] Undefined variable: curr_template E:\phpStudy\WWW\ydEMBA\Runtime\Cache\Admin\7f08e53135ef0abf7168cefb24839964.php 第 99 行.
NOTIC: [8] Undefined variable: curr_template E:\phpStudy\WWW\ydEMBA\Runtime\Cache\Admin\7f08e53135ef0abf7168cefb24839964.php 第 99 行.
NOTIC: [8] Undefined variable: curr_template E:\phpStudy\WWW\ydEMBA\Runtime\Cache\Admin\7f08e53135ef0abf7168cefb24839964.php 第 99 行.
NOTIC: [8] Undefined variable: datafrom E:\phpStudy\WWW\ydEMBA\Runtime\Cache\Admin\7f08e53135ef0abf7168cefb24839964.php 第 132 行.
NOTIC: [8] Undefined variable: commefrom E:\phpStudy\WWW\ydEMBA\Runtime\Cache\Admin\7f08e53135ef0abf7168cefb24839964.php 第 139 行.
NOTIC: [8] Undefined variable: datafrom E:\phpStudy\WWW\ydEMBA\Runtime\Cache\Admin\7f08e53135ef0abf7168cefb24839964.php 第 148 行.
INFO: Run Behavior\ParseTemplateBehavior [ RunTime:0.016000s ]
INFO: [ view_parse ] --END-- [ RunTime:0.016000s ]
INFO: [ view_filter ] --START--
INFO: Run Behavior\WriteHtmlCacheBehavior [ RunTime:0.000000s ]
INFO: [ view_filter ] --END-- [ RunTime:0.000000s ]
INFO: [ app_end ] --START--
INFO: Run Behavior\ShowPageTraceBehavior [ RunTime:0.001001s ]
INFO: [ app_end ] --END-- [ RunTime:0.001001s ]

[ 2016-11-25T20:06:37+08:00 ] 127.0.0.1 /admin.php?s=/Notice/getData.html
INFO: [ app_init ] --START--
INFO: Run Behavior\BuildLiteBehavior [ RunTime:0.000000s ]
INFO: Run Common\Behavior\InitHookBehavior [ RunTime:0.002000s ]
INFO: [ app_init ] --END-- [ RunTime:0.002000s ]
INFO: [ app_begin ] --START--
INFO: Run Behavior\ReadHtmlCacheBehavior [ RunTime:0.000000s ]
INFO: [ app_begin ] --END-- [ RunTime:0.000000s ]
SQL: SHOW COLUMNS FROM `dk_menu` [ RunTime:0.1180s ]
SQL: SELECT `id`,`title`,`url` FROM `dk_menu` WHERE `pid` = 0 AND `hide` = 0 ORDER BY sort asc  [ RunTime:0.1160s ]
SQL: SELECT `pid` FROM `dk_menu` WHERE ( pid !=0 AND url like '%Notice/getData%' ) LIMIT 1   [ RunTime:0.1180s ]
SQL: SHOW COLUMNS FROM `dk_notice` [ RunTime:0.1180s ]
SQL: SHOW COLUMNS FROM `dk_wx_tpl` [ RunTime:0.1170s ]
SQL: SHOW COLUMNS FROM `dk_students` [ RunTime:0.1180s ]
SQL: SHOW COLUMNS FROM `dk_class` [ RunTime:0.1170s ]
SQL: SHOW COLUMNS FROM `dk_class_years` [ RunTime:0.1180s ]
SQL: SELECT `id`,`title` FROM `dk_wx_tpl`  [ RunTime:0.1180s ]
SQL: SHOW COLUMNS FROM `dk_class` [ RunTime:0.1190s ]
SQL: SELECT c.id,c.class_name,cy.year_name FROM dk_class c,dk_class_years cy WHERE ( c.class_year_id = cy.id )  [ RunTime:0.1320s ]
SQL: SHOW COLUMNS FROM `dk_students` [ RunTime:0.1340s ]
SQL: SELECT s.id,s.username,s.class_id FROM dk_students s,dk_class c WHERE ( s.class_id = c.id )  [ RunTime:0.1200s ]
INFO: [ app_end ] --START--
INFO: Run Behavior\ShowPageTraceBehavior [ RunTime:0.001000s ]
INFO: [ app_end ] --END-- [ RunTime:0.001000s ]

[ 2016-11-25T20:06:45+08:00 ] 127.0.0.1 /admin.php?s=/Notice/add.html
INFO: [ app_init ] --START--
INFO: Run Behavior\BuildLiteBehavior [ RunTime:0.000000s ]
INFO: Run Common\Behavior\InitHookBehavior [ RunTime:0.002000s ]
INFO: [ app_init ] --END-- [ RunTime:0.002000s ]
INFO: [ app_begin ] --START--
INFO: Run Behavior\ReadHtmlCacheBehavior [ RunTime:0.000000s ]
INFO: [ app_begin ] --END-- [ RunTime:0.000000s ]
SQL: SHOW COLUMNS FROM `dk_menu` [ RunTime:0.1350s ]
SQL: SELECT `id`,`title`,`url` FROM `dk_menu` WHERE `pid` = 0 AND `hide` = 0 ORDER BY sort asc  [ RunTime:0.1200s ]
SQL: SELECT `pid` FROM `dk_menu` WHERE ( pid !=0 AND url like '%Notice/add%' ) LIMIT 1   [ RunTime:0.1330s ]
SQL: SELECT * FROM `dk_menu` WHERE `id` = 164 LIMIT 1   [ RunTime:0.1320s ]
SQL: SELECT * FROM `dk_menu` WHERE `id` = 124 LIMIT 1   [ RunTime:0.1180s ]
SQL: SELECT DISTINCT  `group` FROM `dk_menu` WHERE `group` <> '' AND `pid` = 124  [ RunTime:0.1180s ]
SQL: SELECT `id`,`url` FROM `dk_menu` WHERE `pid` = 124 AND `hide` = 0  [ RunTime:0.1180s ]
SQL: SELECT `id`,`pid`,`title`,`url`,`tip` FROM `dk_menu` WHERE `group` = '用户管理' AND `pid` = 124 AND `hide` = 0 ORDER BY sort asc  [ RunTime:0.1250s ]
SQL: SELECT `id`,`pid`,`title`,`url`,`tip` FROM `dk_menu` WHERE `group` = '教室' AND `pid` = 124 AND `hide` = 0 ORDER BY sort asc  [ RunTime:0.1170s ]
SQL: SELECT `id`,`pid`,`title`,`url`,`tip` FROM `dk_menu` WHERE `group` = '课程' AND `pid` = 124 AND `hide` = 0 ORDER BY sort asc  [ RunTime:0.1170s ]
SQL: SELECT `id`,`pid`,`title`,`url`,`tip` FROM `dk_menu` WHERE `group` = '班级' AND `pid` = 124 AND `hide` = 0 ORDER BY sort asc  [ RunTime:0.1250s ]
SQL: SELECT `id`,`pid`,`title`,`url`,`tip` FROM `dk_menu` WHERE `group` = '考勤' AND `pid` = 124 AND `hide` = 0 ORDER BY sort asc  [ RunTime:0.1320s ]
SQL: SELECT `id`,`pid`,`title`,`url`,`tip` FROM `dk_menu` WHERE `group` = ' 通知' AND `pid` = 124 AND `hide` = 0 ORDER BY sort asc  [ RunTime:0.1220s ]
SQL: SELECT `id`,`pid`,`title`,`url`,`tip` FROM `dk_menu` WHERE `group` = '报名' AND `pid` = 124 AND `hide` = 0 ORDER BY sort asc  [ RunTime:0.1190s ]
SQL: SHOW COLUMNS FROM `dk_notice` [ RunTime:0.1210s ]
SQL: SHOW COLUMNS FROM `dk_wx_tpl` [ RunTime:0.1200s ]
SQL: SHOW COLUMNS FROM `dk_students` [ RunTime:0.1190s ]
SQL: SHOW COLUMNS FROM `dk_class` [ RunTime:0.1180s ]
SQL: SHOW COLUMNS FROM `dk_class_years` [ RunTime:0.1220s ]
SQL: SELECT `id`,`title` FROM `dk_wx_tpl`  [ RunTime:0.1320s ]
SQL: SELECT * FROM `dk_wx_tpl` WHERE `id` = 71 LIMIT 1   [ RunTime:0.1350s ]
INFO: [ view_parse ] --START--
INFO: [ template_filter ] --START--
INFO: Run Behavior\ContentReplaceBehavior [ RunTime:0.000000s ]
INFO: [ template_filter ] --END-- [ RunTime:0.000000s ]
NOTIC: [8] Undefined variable: meta_title E:\phpStudy\WWW\ydEMBA\Runtime\Cache\Admin\7f08e53135ef0abf7168cefb24839964.php 第 5 行.
INFO: Run Behavior\ParseTemplateBehavior [ RunTime:0.013001s ]
INFO: [ view_parse ] --END-- [ RunTime:0.013001s ]
INFO: [ view_filter ] --START--
INFO: Run Behavior\WriteHtmlCacheBehavior [ RunTime:0.000000s ]
INFO: [ view_filter ] --END-- [ RunTime:0.000000s ]
INFO: [ app_end ] --START--
INFO: Run Behavior\ShowPageTraceBehavior [ RunTime:0.000000s ]
INFO: [ app_end ] --END-- [ RunTime:0.000000s ]

[ 2016-11-25T20:06:47+08:00 ] 127.0.0.1 /admin.php?s=/Notice/getData.html
INFO: [ app_init ] --START--
INFO: Run Behavior\BuildLiteBehavior [ RunTime:0.000000s ]
INFO: Run Common\Behavior\InitHookBehavior [ RunTime:0.001000s ]
INFO: [ app_init ] --END-- [ RunTime:0.002000s ]
INFO: [ app_begin ] --START--
INFO: Run Behavior\ReadHtmlCacheBehavior [ RunTime:0.000000s ]
INFO: [ app_begin ] --END-- [ RunTime:0.000000s ]
SQL: SHOW COLUMNS FROM `dk_menu` [ RunTime:0.1350s ]
SQL: SELECT `id`,`title`,`url` FROM `dk_menu` WHERE `pid` = 0 AND `hide` = 0 ORDER BY sort asc  [ RunTime:0.1340s ]
SQL: SELECT `pid` FROM `dk_menu` WHERE ( pid !=0 AND url like '%Notice/getData%' ) LIMIT 1   [ RunTime:0.1260s ]
SQL: SHOW COLUMNS FROM `dk_notice` [ RunTime:0.1230s ]
SQL: SHOW COLUMNS FROM `dk_wx_tpl` [ RunTime:0.1230s ]
SQL: SHOW COLUMNS FROM `dk_students` [ RunTime:0.1270s ]
SQL: SHOW COLUMNS FROM `dk_class` [ RunTime:0.1260s ]
SQL: SHOW COLUMNS FROM `dk_class_years` [ RunTime:0.1190s ]
SQL: SELECT `id`,`title` FROM `dk_wx_tpl`  [ RunTime:0.1180s ]
SQL: SHOW COLUMNS FROM `dk_class` [ RunTime:0.1310s ]
SQL: SELECT c.id,c.class_name,cy.year_name FROM dk_class c,dk_class_years cy WHERE ( c.class_year_id = cy.id )  [ RunTime:0.1170s ]
SQL: SHOW COLUMNS FROM `dk_students` [ RunTime:0.1220s ]
SQL: SELECT s.id,s.username,s.class_id FROM dk_students s,dk_class c WHERE ( s.class_id = c.id )  [ RunTime:0.1330s ]
INFO: [ app_end ] --START--
INFO: Run Behavior\ShowPageTraceBehavior [ RunTime:0.001000s ]
INFO: [ app_end ] --END-- [ RunTime:0.001000s ]

